Vivado Simulator v2024.1
Copyright 1986-2022 Xilinx, Inc. All Rights Reserved.
Copyright 2022-2024 Advanced Micro Devices, Inc. All Rights Reserved.
Running: C:/Xilinx/Vivado/2024.1/bin/unwrapped/win64.o/xelab.exe --incr --debug typical --relax --mt 2 -L xil_defaultlib -L axi_infrastructure_v1_1_0 -L axi_vip_v1_1_17 -L processing_system7_vip_v1_0_19 -L axi_bram_ctrl_v4_1_10 -L blk_mem_gen_v8_4_8 -L xlconstant_v1_1_9 -L lib_cdc_v1_0_3 -L proc_sys_reset_v5_0_15 -L smartconnect_v1_0 -L axi_register_slice_v2_1_31 -L axi_lite_ipif_v3_0_4 -L interrupt_control_v3_1_5 -L axi_gpio_v2_0_33 -L uvm -L xilinx_vip -L unisims_ver -L unimacro_ver -L secureip -L xpm --snapshot sim_tb_behav xil_defaultlib.sim_tb xil_defaultlib.glbl -log elaborate.log 
Using 2 slave threads.
Starting static elaboration
Pass Through NonSizing Optimizer
WARNING: [VRFC 10-9180] module 'blk_mem_gen_v8_4_8_output_stage' is instantiated multiple times from VHDL or from both Verilog and VHDL; elaboration result may be incorrect [/wrk/ci/prod/2024.1/sw/continuous/35389/packages/customer/vivado/data/ip/xilinx/blk_mem_gen_v8_4/simulation/blk_mem_gen_v8_4.v:1608]
WARNING: [VRFC 10-3091] actual bit length 128 differs from formal bit length 64 for port 'WR_DATA_STRB' [/scratch/proj/xbuilds/SWIP/2024.1_0522_2023/infra/XSIM/lin/.cxl.ip/incl/processing_system7_vip_v1_0_19_axi_gp.v:208]
WARNING: [VRFC 10-3091] actual bit length 12 differs from formal bit length 6 for port 'm_axi_bid' [/wrk/ci/prod/2024.1/sw/continuous/35389/packages/customer/vivado/data/ip/xilinx/processing_system7_vip_v1_0/hdl/processing_system7_vip_v1_0_vl_rfs.sv:5546]
WARNING: [VRFC 10-3091] actual bit length 12 differs from formal bit length 6 for port 'm_axi_rid' [/wrk/ci/prod/2024.1/sw/continuous/35389/packages/customer/vivado/data/ip/xilinx/processing_system7_vip_v1_0/hdl/processing_system7_vip_v1_0_vl_rfs.sv:5564]
WARNING: [VRFC 10-3091] actual bit length 128 differs from formal bit length 64 for port 'WR_DATA_STRB' [/scratch/proj/xbuilds/SWIP/2024.1_0522_2023/infra/XSIM/lin/.cxl.ip/incl/processing_system7_vip_v1_0_19_axi_gp.v:292]
WARNING: [VRFC 10-3091] actual bit length 8 differs from formal bit length 9 for port 'WR_BYTES' [/scratch/proj/xbuilds/SWIP/2024.1_0522_2023/infra/XSIM/lin/.cxl.ip/incl/processing_system7_vip_v1_0_19_axi_hp.v:80]
WARNING: [VRFC 10-3091] actual bit length 8 differs from formal bit length 9 for port 'RD_BYTES' [/scratch/proj/xbuilds/SWIP/2024.1_0522_2023/infra/XSIM/lin/.cxl.ip/incl/processing_system7_vip_v1_0_19_axi_hp.v:89]
WARNING: [VRFC 10-3091] actual bit length 12 differs from formal bit length 6 for port 'm_axi_bid' [/wrk/ci/prod/2024.1/sw/continuous/35389/packages/customer/vivado/data/ip/xilinx/processing_system7_vip_v1_0/hdl/processing_system7_vip_v1_0_vl_rfs.sv:10256]
WARNING: [VRFC 10-3091] actual bit length 12 differs from formal bit length 6 for port 'm_axi_rid' [/wrk/ci/prod/2024.1/sw/continuous/35389/packages/customer/vivado/data/ip/xilinx/processing_system7_vip_v1_0/hdl/processing_system7_vip_v1_0_vl_rfs.sv:10274]
WARNING: [VRFC 10-3091] actual bit length 32 differs from formal bit length 64 for port 'm_axi_rdata' [/wrk/ci/prod/2024.1/sw/continuous/35389/packages/customer/vivado/data/ip/xilinx/processing_system7_vip_v1_0/hdl/processing_system7_vip_v1_0_vl_rfs.sv:10275]
WARNING: [VRFC 10-3091] actual bit length 8 differs from formal bit length 9 for port 'WR_BYTES' [/scratch/proj/xbuilds/SWIP/2024.1_0522_2023/infra/XSIM/lin/.cxl.ip/incl/processing_system7_vip_v1_0_19_axi_hp.v:165]
WARNING: [VRFC 10-3091] actual bit length 8 differs from formal bit length 9 for port 'RD_BYTES' [/scratch/proj/xbuilds/SWIP/2024.1_0522_2023/infra/XSIM/lin/.cxl.ip/incl/processing_system7_vip_v1_0_19_axi_hp.v:174]
WARNING: [VRFC 10-3091] actual bit length 8 differs from formal bit length 9 for port 'WR_BYTES' [/scratch/proj/xbuilds/SWIP/2024.1_0522_2023/infra/XSIM/lin/.cxl.ip/incl/processing_system7_vip_v1_0_19_axi_hp.v:251]
WARNING: [VRFC 10-3091] actual bit length 8 differs from formal bit length 9 for port 'RD_BYTES' [/scratch/proj/xbuilds/SWIP/2024.1_0522_2023/infra/XSIM/lin/.cxl.ip/incl/processing_system7_vip_v1_0_19_axi_hp.v:260]
WARNING: [VRFC 10-3091] actual bit length 8 differs from formal bit length 9 for port 'WR_BYTES' [/scratch/proj/xbuilds/SWIP/2024.1_0522_2023/infra/XSIM/lin/.cxl.ip/incl/processing_system7_vip_v1_0_19_axi_hp.v:337]
WARNING: [VRFC 10-3091] actual bit length 8 differs from formal bit length 9 for port 'RD_BYTES' [/scratch/proj/xbuilds/SWIP/2024.1_0522_2023/infra/XSIM/lin/.cxl.ip/incl/processing_system7_vip_v1_0_19_axi_hp.v:346]
WARNING: [VRFC 10-3091] actual bit length 12 differs from formal bit length 3 for port 'm_axi_bid' [/wrk/ci/prod/2024.1/sw/continuous/35389/packages/customer/vivado/data/ip/xilinx/processing_system7_vip_v1_0/hdl/processing_system7_vip_v1_0_vl_rfs.sv:7157]
WARNING: [VRFC 10-3091] actual bit length 12 differs from formal bit length 3 for port 'm_axi_rid' [/wrk/ci/prod/2024.1/sw/continuous/35389/packages/customer/vivado/data/ip/xilinx/processing_system7_vip_v1_0/hdl/processing_system7_vip_v1_0_vl_rfs.sv:7175]
WARNING: [VRFC 10-3091] actual bit length 32 differs from formal bit length 64 for port 'm_axi_rdata' [/wrk/ci/prod/2024.1/sw/continuous/35389/packages/customer/vivado/data/ip/xilinx/processing_system7_vip_v1_0/hdl/processing_system7_vip_v1_0_vl_rfs.sv:7176]
WARNING: [VRFC 10-5021] port 'mb_reset' is not connected on this instance [C:/GraviTris/GT_Zybo/GT_Zybo.ip_user_files/bd/design_1/ip/design_1_axi_smc_0/bd_0/sim/bd_afc3.v:1361]
WARNING: [VRFC 10-5021] port 'ENET0_GMII_RXD' is not connected on this instance [C:/GraviTris/GT_Zybo/GT_Zybo.ip_user_files/bd/design_1/ip/design_1_processing_system7_0_0/sim/design_1_processing_system7_0_0.v:191]
WARNING: [VRFC 10-3129] assignment to input 'wr_dv_ocm_gp0' [/wrk/ci/prod/2024.1/sw/continuous/35389/packages/customer/vivado/data/ip/xilinx/processing_system7_vip_v1_0/hdl/processing_system7_vip_v1_0_vl_rfs.sv:4372]
WARNING: [VRFC 10-3129] assignment to input 'wr_dv_ddr_gp0' [/wrk/ci/prod/2024.1/sw/continuous/35389/packages/customer/vivado/data/ip/xilinx/processing_system7_vip_v1_0/hdl/processing_system7_vip_v1_0_vl_rfs.sv:4373]
WARNING: [VRFC 10-3129] assignment to input 'wr_dv_ocm_gp1' [/wrk/ci/prod/2024.1/sw/continuous/35389/packages/customer/vivado/data/ip/xilinx/processing_system7_vip_v1_0/hdl/processing_system7_vip_v1_0_vl_rfs.sv:4394]
WARNING: [VRFC 10-3129] assignment to input 'wr_dv_ddr_gp1' [/wrk/ci/prod/2024.1/sw/continuous/35389/packages/customer/vivado/data/ip/xilinx/processing_system7_vip_v1_0/hdl/processing_system7_vip_v1_0_vl_rfs.sv:4395]
WARNING: [VRFC 10-3129] assignment to input 'wr_dv_ddr_hp0' [/wrk/ci/prod/2024.1/sw/continuous/35389/packages/customer/vivado/data/ip/xilinx/processing_system7_vip_v1_0/hdl/processing_system7_vip_v1_0_vl_rfs.sv:4465]
WARNING: [VRFC 10-3129] assignment to input 'wr_dv_ddr_hp1' [/wrk/ci/prod/2024.1/sw/continuous/35389/packages/customer/vivado/data/ip/xilinx/processing_system7_vip_v1_0/hdl/processing_system7_vip_v1_0_vl_rfs.sv:4483]
WARNING: [VRFC 10-3129] assignment to input 'wr_dv_ddr_hp2' [/wrk/ci/prod/2024.1/sw/continuous/35389/packages/customer/vivado/data/ip/xilinx/processing_system7_vip_v1_0/hdl/processing_system7_vip_v1_0_vl_rfs.sv:4501]
WARNING: [VRFC 10-3129] assignment to input 'wr_dv_ddr_hp3' [/wrk/ci/prod/2024.1/sw/continuous/35389/packages/customer/vivado/data/ip/xilinx/processing_system7_vip_v1_0/hdl/processing_system7_vip_v1_0_vl_rfs.sv:4519]
WARNING: [VRFC 10-3129] assignment to input 'ddr_wr_qos' [/wrk/ci/prod/2024.1/sw/continuous/35389/packages/customer/vivado/data/ip/xilinx/processing_system7_vip_v1_0/hdl/processing_system7_vip_v1_0_vl_rfs.sv:1253]
WARNING: [VRFC 10-3129] assignment to input 'ddr_rd_qos' [/wrk/ci/prod/2024.1/sw/continuous/35389/packages/customer/vivado/data/ip/xilinx/processing_system7_vip_v1_0/hdl/processing_system7_vip_v1_0_vl_rfs.sv:1276]
WARNING: [VRFC 10-3129] assignment to input 'ddr_wr_qos' [/wrk/ci/prod/2024.1/sw/continuous/35389/packages/customer/vivado/data/ip/xilinx/processing_system7_vip_v1_0/hdl/processing_system7_vip_v1_0_vl_rfs.sv:1091]
WARNING: [VRFC 10-3129] assignment to input 'ddr_rd_qos' [/wrk/ci/prod/2024.1/sw/continuous/35389/packages/customer/vivado/data/ip/xilinx/processing_system7_vip_v1_0/hdl/processing_system7_vip_v1_0_vl_rfs.sv:1115]
WARNING: [VRFC 10-3027] 'ocm_wr_strb_port0' was previously declared with a different range [/wrk/ci/prod/2024.1/sw/continuous/35389/packages/customer/vivado/data/ip/xilinx/processing_system7_vip_v1_0/hdl/processing_system7_vip_v1_0_vl_rfs.sv:3809]
WARNING: [VRFC 10-3705] select index 64 into 'wrp_strb' is out of bounds [/wrk/ci/prod/2024.1/sw/continuous/35389/packages/customer/vivado/data/ip/xilinx/processing_system7_vip_v1_0/hdl/processing_system7_vip_v1_0_vl_rfs.sv:6134]
WARNING: [VRFC 10-3705] select index 128 into 'wrp_strb' is out of bounds [/wrk/ci/prod/2024.1/sw/continuous/35389/packages/customer/vivado/data/ip/xilinx/processing_system7_vip_v1_0/hdl/processing_system7_vip_v1_0_vl_rfs.sv:10898]
WARNING: [VRFC 10-3705] select index 128 into 'wrp_strb' is out of bounds [/wrk/ci/prod/2024.1/sw/continuous/35389/packages/customer/vivado/data/ip/xilinx/processing_system7_vip_v1_0/hdl/processing_system7_vip_v1_0_vl_rfs.sv:7772]
WARNING: [VRFC 10-3705] select index 4 into 'wr_fifo_rd_ptr' is out of bounds [/wrk/ci/prod/2024.1/sw/continuous/35389/packages/customer/vivado/data/ip/xilinx/processing_system7_vip_v1_0/hdl/processing_system7_vip_v1_0_vl_rfs.sv:7985]
WARNING: [VRFC 10-3705] select index 4 into 'ar_cnt' is out of bounds [/wrk/ci/prod/2024.1/sw/continuous/35389/packages/customer/vivado/data/ip/xilinx/processing_system7_vip_v1_0/hdl/processing_system7_vip_v1_0_vl_rfs.sv:8124]
WARNING: [VRFC 10-3705] select index 4 into 'wr_rresp_cnt' is out of bounds [/wrk/ci/prod/2024.1/sw/continuous/35389/packages/customer/vivado/data/ip/xilinx/processing_system7_vip_v1_0/hdl/processing_system7_vip_v1_0_vl_rfs.sv:8221]
WARNING: [VRFC 10-3705] select index 4 into 'rd_fifo_wr_ptr' is out of bounds [/wrk/ci/prod/2024.1/sw/continuous/35389/packages/customer/vivado/data/ip/xilinx/processing_system7_vip_v1_0/hdl/processing_system7_vip_v1_0_vl_rfs.sv:8240]
WARNING: [VRFC 10-3705] select index 4 into 'rd_cnt' is out of bounds [/wrk/ci/prod/2024.1/sw/continuous/35389/packages/customer/vivado/data/ip/xilinx/processing_system7_vip_v1_0/hdl/processing_system7_vip_v1_0_vl_rfs.sv:8381]
WARNING: [VRFC 10-3705] select index 4 into 'rresp_time_cnt' is out of bounds [/wrk/ci/prod/2024.1/sw/continuous/35389/packages/customer/vivado/data/ip/xilinx/processing_system7_vip_v1_0/hdl/processing_system7_vip_v1_0_vl_rfs.sv:8386]
WARNING: [VRFC 10-3705] select index 4 into 'rd_fifo_rd_ptr' is out of bounds [/wrk/ci/prod/2024.1/sw/continuous/35389/packages/customer/vivado/data/ip/xilinx/processing_system7_vip_v1_0/hdl/processing_system7_vip_v1_0_vl_rfs.sv:8391]
Completed static elaboration
INFO: [XSIM 43-4323] No Change in HDL. Linking previously generated obj files to create kernel
