#-----------------------------------------------------------
# Vivado v2024.1 (64-bit)
# SW Build 5076996 on Wed May 22 18:37:14 MDT 2024
# IP Build 5075265 on Wed May 22 21:45:21 MDT 2024
# SharedData Build 5076995 on Wed May 22 18:29:18 MDT 2024
# Start of session at: Fri Jul 19 20:48:42 2024
# Process ID: 7592
# Current directory: C:/GraviTris/GT_Zybo
# Command line: vivado.exe -gui_launcher_event rodinguilauncherevent32012 C:\GraviTris\GT_Zybo\GT_Zybo.xpr
# Log file: C:/GraviTris/GT_Zybo/vivado.log
# Journal file: C:/GraviTris/GT_Zybo\vivado.jou
# Running On        :CP-230194
# Platform          :Windows Server 2016 or Windows 10
# Operating System  :22631
# Processor Detail  :13th Gen Intel(R) Core(TM) i9-13900HX
# CPU Frequency     :2419 MHz
# CPU Physical cores:24
# CPU Logical cores :32
# Host memory       :34029 MB
# Swap memory       :5100 MB
# Total Virtual     :39129 MB
# Available Virtual :23571 MB
#-----------------------------------------------------------
start_gui
open_project C:/GraviTris/GT_Zybo/GT_Zybo.xpr
WARNING: [Board 49-26] cannot add Board Part xilinx.com:kcu105:part0:1.6 available at C:/Xilinx/Vivado/2024.1/data/xhub/boards/XilinxBoardStore/boards/Xilinx/kcu105/1.6/board.xml as part xcku040-ffva1156-2-e specified in board_part file is either invalid or not available
WARNING: [Board 49-26] cannot add Board Part xilinx.com:kcu105:part0:1.7 available at C:/Xilinx/Vivado/2024.1/data/xhub/boards/XilinxBoardStore/boards/Xilinx/kcu105/1.7/board.xml as part xcku040-ffva1156-2-e specified in board_part file is either invalid or not available
WARNING: [Board 49-26] cannot add Board Part xilinx.com:kcu116:part0:1.4 available at C:/Xilinx/Vivado/2024.1/data/xhub/boards/XilinxBoardStore/boards/Xilinx/kcu116/1.4/board.xml as part xcku5p-ffvb676-2-e specified in board_part file is either invalid or not available
WARNING: [Board 49-26] cannot add Board Part xilinx.com:kcu116:part0:1.5 available at C:/Xilinx/Vivado/2024.1/data/xhub/boards/XilinxBoardStore/boards/Xilinx/kcu116/1.5/board.xml as part xcku5p-ffvb676-2-e specified in board_part file is either invalid or not available
WARNING: [Board 49-26] cannot add Board Part xilinx.com:vck190:part0:2.2 available at C:/Xilinx/Vivado/2024.1/data/xhub/boards/XilinxBoardStore/boards/Xilinx/vck190/production/2.2/board.xml as part xcvc1902-vsva2197-2mp-e-s specified in board_part file is either invalid or not available
WARNING: [Board 49-26] cannot add Board Part xilinx.com:vck190:part0:3.0 available at C:/Xilinx/Vivado/2024.1/data/xhub/boards/XilinxBoardStore/boards/Xilinx/vck190/production/3.0/board.xml as part xcvc1902-vsva2197-2mp-e-s specified in board_part file is either invalid or not available
WARNING: [Board 49-26] cannot add Board Part xilinx.com:vck190:part0:3.1 available at C:/Xilinx/Vivado/2024.1/data/xhub/boards/XilinxBoardStore/boards/Xilinx/vck190/production/3.1/board.xml as part xcvc1902-vsva2197-2mp-e-s specified in board_part file is either invalid or not available
WARNING: [Board 49-26] cannot add Board Part xilinx.com:vck190:part0:3.2 available at C:/Xilinx/Vivado/2024.1/data/xhub/boards/XilinxBoardStore/boards/Xilinx/vck190/production/3.2/board.xml as part xcvc1902-vsva2197-2mp-e-s specified in board_part file is either invalid or not available
WARNING: [Board 49-26] cannot add Board Part xilinx.com:vck190:part0:3.3 available at C:/Xilinx/Vivado/2024.1/data/xhub/boards/XilinxBoardStore/boards/Xilinx/vck190/production/3.3/board.xml as part xcvc1902-vsva2197-2mp-e-s specified in board_part file is either invalid or not available
WARNING: [Board 49-26] cannot add Board Part xilinx.com:vck190_newl:part0:1.0 available at C:/Xilinx/Vivado/2024.1/data/xhub/boards/XilinxBoardStore/boards/Xilinx/vck190_newl/production/1.0/board.xml as part xcvc1902-vsva2197-2mp-e-s specified in board_part file is either invalid or not available
WARNING: [Board 49-26] cannot add Board Part xilinx.com:vck190_newl:part0:1.1 available at C:/Xilinx/Vivado/2024.1/data/xhub/boards/XilinxBoardStore/boards/Xilinx/vck190_newl/production/1.1/board.xml as part xcvc1902-vsva2197-2mp-e-s specified in board_part file is either invalid or not available
WARNING: [Board 49-26] cannot add Board Part xilinx.com:vck190_newl:part0:1.2 available at C:/Xilinx/Vivado/2024.1/data/xhub/boards/XilinxBoardStore/boards/Xilinx/vck190_newl/production/1.2/board.xml as part xcvc1902-vsva2197-2mp-e-s specified in board_part file is either invalid or not available
WARNING: [Board 49-26] cannot add Board Part xilinx.com:vcu108:part0:1.6 available at C:/Xilinx/Vivado/2024.1/data/xhub/boards/XilinxBoardStore/boards/Xilinx/vcu108/1.6/board.xml as part xcvu095-ffva2104-2-e specified in board_part file is either invalid or not available
WARNING: [Board 49-26] cannot add Board Part xilinx.com:vcu108:part0:1.7 available at C:/Xilinx/Vivado/2024.1/data/xhub/boards/XilinxBoardStore/boards/Xilinx/vcu108/1.7/board.xml as part xcvu095-ffva2104-2-e specified in board_part file is either invalid or not available
WARNING: [Board 49-26] cannot add Board Part xilinx.com:vcu110:part0:1.4 available at C:/Xilinx/Vivado/2024.1/data/xhub/boards/XilinxBoardStore/boards/Xilinx/vcu110/1.4/board.xml as part xcvu190-flgc2104-2-e specified in board_part file is either invalid or not available
WARNING: [Board 49-26] cannot add Board Part xilinx.com:vcu128:part0:1.0 available at C:/Xilinx/Vivado/2024.1/data/xhub/boards/XilinxBoardStore/boards/Xilinx/vcu128/production/1.0/board.xml as part xcvu37p-fsvh2892-2l-e specified in board_part file is either invalid or not available
WARNING: [Board 49-26] cannot add Board Part xilinx.com:vcu129:part0:1.0 available at C:/Xilinx/Vivado/2024.1/data/xhub/boards/XilinxBoardStore/boards/Xilinx/vcu129/production/1.0/board.xml as part xcvu29p-fsga2577-2l-e specified in board_part file is either invalid or not available
WARNING: [Board 49-26] cannot add Board Part xilinx.com:vek280:part0:1.0 available at C:/Xilinx/Vivado/2024.1/data/xhub/boards/XilinxBoardStore/boards/Xilinx/vek280/production/1.0/board.xml as part xcve2802-vsvh1760-2mp-e-s specified in board_part file is either invalid or not available
WARNING: [Board 49-26] cannot add Board Part xilinx.com:vek280:part0:1.1 available at C:/Xilinx/Vivado/2024.1/data/xhub/boards/XilinxBoardStore/boards/Xilinx/vek280/production/1.1/board.xml as part xcve2802-vsvh1760-2mp-e-s specified in board_part file is either invalid or not available
WARNING: [Board 49-26] cannot add Board Part xilinx.com:vek280:part0:1.2 available at C:/Xilinx/Vivado/2024.1/data/xhub/boards/XilinxBoardStore/boards/Xilinx/vek280/production/1.2/board.xml as part xcve2802-vsvh1760-2mp-e-s specified in board_part file is either invalid or not available
WARNING: [Board 49-26] cannot add Board Part xilinx.com:vek280_es:part0:1.0 available at C:/Xilinx/Vivado/2024.1/data/xhub/boards/XilinxBoardStore/boards/Xilinx/vek280/es/rev_a/1.0/board.xml as part xcve2802-vsvh1760-2lp-e-s-es1 specified in board_part file is either invalid or not available
WARNING: [Board 49-26] cannot add Board Part xilinx.com:vek280_es:part0:1.1 available at C:/Xilinx/Vivado/2024.1/data/xhub/boards/XilinxBoardStore/boards/Xilinx/vek280/es/rev_a/1.1/board.xml as part xcve2802-vsvh1760-2lp-e-s-es1 specified in board_part file is either invalid or not available
WARNING: [Board 49-26] cannot add Board Part xilinx.com:vek280_es_revb:part0:1.0 available at C:/Xilinx/Vivado/2024.1/data/xhub/boards/XilinxBoardStore/boards/Xilinx/vek280/es/rev_b/1.0/board.xml as part xcve2802-vsvh1760-2mp-e-s-es1 specified in board_part file is either invalid or not available
WARNING: [Board 49-26] cannot add Board Part xilinx.com:vek280_es_revb:part0:1.1 available at C:/Xilinx/Vivado/2024.1/data/xhub/boards/XilinxBoardStore/boards/Xilinx/vek280/es/rev_b/1.1/board.xml as part xcve2802-vsvh1760-2mp-e-s-es1 specified in board_part file is either invalid or not available
WARNING: [Board 49-26] cannot add Board Part xilinx.com:vhk158:part0:1.0 available at C:/Xilinx/Vivado/2024.1/data/xhub/boards/XilinxBoardStore/boards/Xilinx/vhk158/production/1.0/board.xml as part xcvh1582-vsva3697-2mp-e-s specified in board_part file is either invalid or not available
WARNING: [Board 49-26] cannot add Board Part xilinx.com:vhk158:part0:1.1 available at C:/Xilinx/Vivado/2024.1/data/xhub/boards/XilinxBoardStore/boards/Xilinx/vhk158/production/1.1/board.xml as part xcvh1582-vsva3697-2mp-e-s specified in board_part file is either invalid or not available
WARNING: [Board 49-26] cannot add Board Part xilinx.com:vhk158_es:part0:1.0 available at C:/Xilinx/Vivado/2024.1/data/xhub/boards/XilinxBoardStore/boards/Xilinx/vhk158/es/1.0/board.xml as part xcvh1582-vsva3697-2mp-e-s-es1 specified in board_part file is either invalid or not available
WARNING: [Board 49-26] cannot add Board Part xilinx.com:vhk158_es:part0:1.1 available at C:/Xilinx/Vivado/2024.1/data/xhub/boards/XilinxBoardStore/boards/Xilinx/vhk158/es/1.1/board.xml as part xcvh1582-vsva3697-2mp-e-s-es1 specified in board_part file is either invalid or not available
WARNING: [Board 49-26] cannot add Board Part xilinx.com:vmk180:part0:2.2 available at C:/Xilinx/Vivado/2024.1/data/xhub/boards/XilinxBoardStore/boards/Xilinx/vmk180/production/2.2/board.xml as part xcvm1802-vsva2197-2mp-e-s specified in board_part file is either invalid or not available
WARNING: [Board 49-26] cannot add Board Part xilinx.com:vmk180:part0:3.0 available at C:/Xilinx/Vivado/2024.1/data/xhub/boards/XilinxBoardStore/boards/Xilinx/vmk180/production/3.0/board.xml as part xcvm1802-vsva2197-2mp-e-s specified in board_part file is either invalid or not available
WARNING: [Board 49-26] cannot add Board Part xilinx.com:vmk180:part0:3.1 available at C:/Xilinx/Vivado/2024.1/data/xhub/boards/XilinxBoardStore/boards/Xilinx/vmk180/production/3.1/board.xml as part xcvm1802-vsva2197-2mp-e-s specified in board_part file is either invalid or not available
WARNING: [Board 49-26] cannot add Board Part xilinx.com:vmk180:part0:3.2 available at C:/Xilinx/Vivado/2024.1/data/xhub/boards/XilinxBoardStore/boards/Xilinx/vmk180/production/3.2/board.xml as part xcvm1802-vsva2197-2mp-e-s specified in board_part file is either invalid or not available
WARNING: [Board 49-26] cannot add Board Part xilinx.com:vmk180_newl:part0:1.0 available at C:/Xilinx/Vivado/2024.1/data/xhub/boards/XilinxBoardStore/boards/Xilinx/vmk180_newl/production/1.0/board.xml as part xcvm1802-vsva2197-2mp-e-s specified in board_part file is either invalid or not available
WARNING: [Board 49-26] cannot add Board Part xilinx.com:vmk180_newl:part0:1.1 available at C:/Xilinx/Vivado/2024.1/data/xhub/boards/XilinxBoardStore/boards/Xilinx/vmk180_newl/production/1.1/board.xml as part xcvm1802-vsva2197-2mp-e-s specified in board_part file is either invalid or not available
WARNING: [Board 49-26] cannot add Board Part xilinx.com:vpk120:part0:1.0 available at C:/Xilinx/Vivado/2024.1/data/xhub/boards/XilinxBoardStore/boards/Xilinx/vpk120/production/1.0/board.xml as part xcvp1202-vsva2785-2mp-e-s specified in board_part file is either invalid or not available
WARNING: [Board 49-26] cannot add Board Part xilinx.com:vpk120:part0:1.1 available at C:/Xilinx/Vivado/2024.1/data/xhub/boards/XilinxBoardStore/boards/Xilinx/vpk120/production/1.1/board.xml as part xcvp1202-vsva2785-2mp-e-s specified in board_part file is either invalid or not available
WARNING: [Board 49-26] cannot add Board Part xilinx.com:vpk120:part0:1.2 available at C:/Xilinx/Vivado/2024.1/data/xhub/boards/XilinxBoardStore/boards/Xilinx/vpk120/production/1.2/board.xml as part xcvp1202-vsva2785-2mp-e-s specified in board_part file is either invalid or not available
WARNING: [Board 49-26] cannot add Board Part xilinx.com:vpk180:part0:1.0 available at C:/Xilinx/Vivado/2024.1/data/xhub/boards/XilinxBoardStore/boards/Xilinx/vpk180/production/1.0/board.xml as part xcvp1802-lsvc4072-2mp-e-s specified in board_part file is either invalid or not available
WARNING: [Board 49-26] cannot add Board Part xilinx.com:vpk180:part0:1.1 available at C:/Xilinx/Vivado/2024.1/data/xhub/boards/XilinxBoardStore/boards/Xilinx/vpk180/production/1.1/board.xml as part xcvp1802-lsvc4072-2mp-e-s specified in board_part file is either invalid or not available
WARNING: [Board 49-26] cannot add Board Part xilinx.com:vpk180:part0:1.2 available at C:/Xilinx/Vivado/2024.1/data/xhub/boards/XilinxBoardStore/boards/Xilinx/vpk180/production/1.2/board.xml as part xcvp1802-lsvc4072-2mp-e-s specified in board_part file is either invalid or not available
WARNING: [Board 49-26] cannot add Board Part xilinx.com:zcu208ld:part0:2.0 available at C:/Xilinx/Vivado/2024.1/data/xhub/boards/XilinxBoardStore/boards/Xilinx/zcu208ld/production/2.0/board.xml as part xczu58dr-fsvg1517-2-i specified in board_part file is either invalid or not available
WARNING: [Board 49-26] cannot add Board Part xilinx.com:zcu216ld:part0:2.0 available at C:/Xilinx/Vivado/2024.1/data/xhub/boards/XilinxBoardStore/boards/Xilinx/zcu216ld/production/2.0/board.xml as part xczu59dr-ffvf1760-2-i specified in board_part file is either invalid or not available
WARNING: [Board 49-26] cannot add Board Part xilinx.com:zcu670ld:part0:1.0 available at C:/Xilinx/Vivado/2024.1/data/xhub/boards/XilinxBoardStore/boards/Xilinx/zcu670ld/1.0/board.xml as part xczu57dr-fsve1156-2-i specified in board_part file is either invalid or not available
INFO: [filemgmt 56-3] Default IP Output Path : Could not find the directory 'C:/GraviTris/GT_Zybo/GT_Zybo.gen/sources_1'.
WARNING: [filemgmt 56-3] IPUserFilesDir: Could not find the directory 'C:/GraviTris/GT_Zybo/GT_Zybo.ip_user_files'.
Scanning sources...
Finished scanning sources
WARNING: [Project 1-509] GeneratedRun file for 'synth_1' not found
WARNING: [Project 1-509] GeneratedRun file for 'design_1_processing_system7_0_0_synth_1' not found
WARNING: [Project 1-509] GeneratedRun file for 'design_1_IO_Mapper_0_0_synth_1' not found
WARNING: [Project 1-509] GeneratedRun file for 'design_1_TTF_Driver_0_0_synth_1' not found
WARNING: [Project 1-509] GeneratedRun file for 'impl_1' not found
INFO: [IP_Flow 19-234] Refreshing IP repositories
INFO: [IP_Flow 19-1704] No user IP repositories specified
INFO: [IP_Flow 19-2313] Loaded Vivado IP repository 'C:/Xilinx/Vivado/2024.1/data/ip'.
INFO: [Ipptcl 7-1463] No Compatible Board Interface found. Board Tab not created in customize GUI
INFO: [xilinx.com:ip:axi_bram_ctrl:4.1-2] design_1_axi_bram_ctrl_0_0: In IP Integrator, please note that memory depth value gets calculated based on the Data Width of the IP and Address range selected in the Address Editor.Incase a validation error occured on the range of this parameter, please check if the selected Data width and the Address Range are valid. For valid Data width and memory depth values, please refer to the AXI BRAM Controller Product Guide.
INFO: [xilinx.com:ip:axi_bram_ctrl:4.1-1] design_1_axi_bram_ctrl_0_0: In IP Integrator, The Maximum address range supported is 2G. Selecting the address range more than 2G in the address editor may resets the value of Memory depth to default value (1024). please refer to the AXI BRAM Controller Product Guide.
INFO: [xilinx.com:ip:axi_bram_ctrl:4.1-2] design_1_axi_bram_ctrl_0_0: In IP Integrator, please note that memory depth value gets calculated based on the Data Width of the IP and Address range selected in the Address Editor.Incase a validation error occured on the range of this parameter, please check if the selected Data width and the Address Range are valid. For valid Data width and memory depth values, please refer to the AXI BRAM Controller Product Guide.
INFO: [xilinx.com:ip:axi_bram_ctrl:4.1-1] design_1_axi_bram_ctrl_0_0: In IP Integrator, The Maximum address range supported is 2G. Selecting the address range more than 2G in the address editor may resets the value of Memory depth to default value (1024). please refer to the AXI BRAM Controller Product Guide.
INFO: [xilinx.com:ip:axi_bram_ctrl:4.1-2] design_1_axi_bram_ctrl_0_0: In IP Integrator, please note that memory depth value gets calculated based on the Data Width of the IP and Address range selected in the Address Editor.Incase a validation error occured on the range of this parameter, please check if the selected Data width and the Address Range are valid. For valid Data width and memory depth values, please refer to the AXI BRAM Controller Product Guide.
INFO: [xilinx.com:ip:axi_bram_ctrl:4.1-1] design_1_axi_bram_ctrl_0_0: In IP Integrator, The Maximum address range supported is 2G. Selecting the address range more than 2G in the address editor may resets the value of Memory depth to default value (1024). please refer to the AXI BRAM Controller Product Guide.
INFO: [xilinx.com:ip:axi_bram_ctrl:4.1-2] design_1_axi_bram_ctrl_0_0: In IP Integrator, please note that memory depth value gets calculated based on the Data Width of the IP and Address range selected in the Address Editor.Incase a validation error occured on the range of this parameter, please check if the selected Data width and the Address Range are valid. For valid Data width and memory depth values, please refer to the AXI BRAM Controller Product Guide.
INFO: [xilinx.com:ip:axi_bram_ctrl:4.1-1] design_1_axi_bram_ctrl_0_0: In IP Integrator, The Maximum address range supported is 2G. Selecting the address range more than 2G in the address editor may resets the value of Memory depth to default value (1024). please refer to the AXI BRAM Controller Product Guide.
CRITICAL WARNING: [PSU-1]  Parameter : PCW_UIPARAM_DDR_DQS_TO_CLK_DELAY_0 has negative value -0.050 . PS DDR interfaces might fail when entering negative DQS skew values. 
CRITICAL WARNING: [PSU-2]  Parameter : PCW_UIPARAM_DDR_DQS_TO_CLK_DELAY_1 has negative value -0.044 . PS DDR interfaces might fail when entering negative DQS skew values. 
CRITICAL WARNING: [PSU-3]  Parameter : PCW_UIPARAM_DDR_DQS_TO_CLK_DELAY_2 has negative value -0.035 . PS DDR interfaces might fail when entering negative DQS skew values. 
CRITICAL WARNING: [PSU-4]  Parameter : PCW_UIPARAM_DDR_DQS_TO_CLK_DELAY_3 has negative value -0.100 . PS DDR interfaces might fail when entering negative DQS skew values. 
CRITICAL WARNING: [PSU-1]  Parameter : PCW_UIPARAM_DDR_DQS_TO_CLK_DELAY_0 has negative value -0.050 . PS DDR interfaces might fail when entering negative DQS skew values. 
CRITICAL WARNING: [PSU-2]  Parameter : PCW_UIPARAM_DDR_DQS_TO_CLK_DELAY_1 has negative value -0.044 . PS DDR interfaces might fail when entering negative DQS skew values. 
CRITICAL WARNING: [PSU-3]  Parameter : PCW_UIPARAM_DDR_DQS_TO_CLK_DELAY_2 has negative value -0.035 . PS DDR interfaces might fail when entering negative DQS skew values. 
CRITICAL WARNING: [PSU-4]  Parameter : PCW_UIPARAM_DDR_DQS_TO_CLK_DELAY_3 has negative value -0.100 . PS DDR interfaces might fail when entering negative DQS skew values. 
CRITICAL WARNING: [PSU-1]  Parameter : PCW_UIPARAM_DDR_DQS_TO_CLK_DELAY_0 has negative value -0.050 . PS DDR interfaces might fail when entering negative DQS skew values. 
CRITICAL WARNING: [PSU-2]  Parameter : PCW_UIPARAM_DDR_DQS_TO_CLK_DELAY_1 has negative value -0.044 . PS DDR interfaces might fail when entering negative DQS skew values. 
CRITICAL WARNING: [PSU-3]  Parameter : PCW_UIPARAM_DDR_DQS_TO_CLK_DELAY_2 has negative value -0.035 . PS DDR interfaces might fail when entering negative DQS skew values. 
CRITICAL WARNING: [PSU-4]  Parameter : PCW_UIPARAM_DDR_DQS_TO_CLK_DELAY_3 has negative value -0.100 . PS DDR interfaces might fail when entering negative DQS skew values. 
CRITICAL WARNING: [PSU-1]  Parameter : PCW_UIPARAM_DDR_DQS_TO_CLK_DELAY_0 has negative value -0.050 . PS DDR interfaces might fail when entering negative DQS skew values. 
CRITICAL WARNING: [PSU-2]  Parameter : PCW_UIPARAM_DDR_DQS_TO_CLK_DELAY_1 has negative value -0.044 . PS DDR interfaces might fail when entering negative DQS skew values. 
CRITICAL WARNING: [PSU-3]  Parameter : PCW_UIPARAM_DDR_DQS_TO_CLK_DELAY_2 has negative value -0.035 . PS DDR interfaces might fail when entering negative DQS skew values. 
CRITICAL WARNING: [PSU-4]  Parameter : PCW_UIPARAM_DDR_DQS_TO_CLK_DELAY_3 has negative value -0.100 . PS DDR interfaces might fail when entering negative DQS skew values. 
CRITICAL WARNING: [PSU-1]  Parameter : PCW_UIPARAM_DDR_DQS_TO_CLK_DELAY_0 has negative value -0.050 . PS DDR interfaces might fail when entering negative DQS skew values. 
CRITICAL WARNING: [PSU-2]  Parameter : PCW_UIPARAM_DDR_DQS_TO_CLK_DELAY_1 has negative value -0.044 . PS DDR interfaces might fail when entering negative DQS skew values. 
CRITICAL WARNING: [PSU-3]  Parameter : PCW_UIPARAM_DDR_DQS_TO_CLK_DELAY_2 has negative value -0.035 . PS DDR interfaces might fail when entering negative DQS skew values. 
CRITICAL WARNING: [PSU-4]  Parameter : PCW_UIPARAM_DDR_DQS_TO_CLK_DELAY_3 has negative value -0.100 . PS DDR interfaces might fail when entering negative DQS skew values. 
open_project: Time (s): cpu = 00:00:14 ; elapsed = 00:00:14 . Memory (MB): peak = 1714.332 ; gain = 461.660
INFO: [IP_Flow 19-5107] Inferred bus interface 'clk' of definition 'xilinx.com:signal:clock:1.0' (from Xilinx Repository).
WARNING: [IP_Flow 19-5661] Bus Interface 'clk' does not have any bus interfaces associated with it.
WARNING: [IP_Flow 19-11770] Clock interface 'clk' has no FREQ_HZ parameter.
INFO: [IP_Flow 19-5107] Inferred bus interface 'clk' of definition 'xilinx.com:signal:clock:1.0' (from Xilinx Repository).
WARNING: [IP_Flow 19-5661] Bus Interface 'clk' does not have any bus interfaces associated with it.
WARNING: [IP_Flow 19-11770] Clock interface 'clk' has no FREQ_HZ parameter.
update_compile_order -fileset sources_1
update_compile_order -fileset sources_1
make_wrapper -files [get_files C:/GraviTris/GT_Zybo/GT_Zybo.srcs/sources_1/bd/design_1/design_1.bd] -top
CRITICAL WARNING: [PSU-1]  Parameter : PCW_UIPARAM_DDR_DQS_TO_CLK_DELAY_0 has negative value -0.050 . PS DDR interfaces might fail when entering negative DQS skew values. 
CRITICAL WARNING: [PSU-2]  Parameter : PCW_UIPARAM_DDR_DQS_TO_CLK_DELAY_1 has negative value -0.044 . PS DDR interfaces might fail when entering negative DQS skew values. 
CRITICAL WARNING: [PSU-3]  Parameter : PCW_UIPARAM_DDR_DQS_TO_CLK_DELAY_2 has negative value -0.035 . PS DDR interfaces might fail when entering negative DQS skew values. 
CRITICAL WARNING: [PSU-4]  Parameter : PCW_UIPARAM_DDR_DQS_TO_CLK_DELAY_3 has negative value -0.100 . PS DDR interfaces might fail when entering negative DQS skew values. 
CRITICAL WARNING: [PSU-1]  Parameter : PCW_UIPARAM_DDR_DQS_TO_CLK_DELAY_0 has negative value -0.050 . PS DDR interfaces might fail when entering negative DQS skew values. 
CRITICAL WARNING: [PSU-2]  Parameter : PCW_UIPARAM_DDR_DQS_TO_CLK_DELAY_1 has negative value -0.044 . PS DDR interfaces might fail when entering negative DQS skew values. 
CRITICAL WARNING: [PSU-3]  Parameter : PCW_UIPARAM_DDR_DQS_TO_CLK_DELAY_2 has negative value -0.035 . PS DDR interfaces might fail when entering negative DQS skew values. 
CRITICAL WARNING: [PSU-4]  Parameter : PCW_UIPARAM_DDR_DQS_TO_CLK_DELAY_3 has negative value -0.100 . PS DDR interfaces might fail when entering negative DQS skew values. 
CRITICAL WARNING: [PSU-1]  Parameter : PCW_UIPARAM_DDR_DQS_TO_CLK_DELAY_0 has negative value -0.050 . PS DDR interfaces might fail when entering negative DQS skew values. 
CRITICAL WARNING: [PSU-2]  Parameter : PCW_UIPARAM_DDR_DQS_TO_CLK_DELAY_1 has negative value -0.044 . PS DDR interfaces might fail when entering negative DQS skew values. 
CRITICAL WARNING: [PSU-3]  Parameter : PCW_UIPARAM_DDR_DQS_TO_CLK_DELAY_2 has negative value -0.035 . PS DDR interfaces might fail when entering negative DQS skew values. 
CRITICAL WARNING: [PSU-4]  Parameter : PCW_UIPARAM_DDR_DQS_TO_CLK_DELAY_3 has negative value -0.100 . PS DDR interfaces might fail when entering negative DQS skew values. 
INFO: [IP_Flow 19-5107] Inferred bus interface 'clk' of definition 'xilinx.com:signal:clock:1.0' (from Xilinx Repository).
WARNING: [IP_Flow 19-5661] Bus Interface 'clk' does not have any bus interfaces associated with it.
WARNING: [IP_Flow 19-11770] Clock interface 'clk' has no FREQ_HZ parameter.
INFO: [IP_Flow 19-3420] Updated design_1_IO_Mapper_0_0 to use current project options
INFO: [IP_Flow 19-5107] Inferred bus interface 'clk' of definition 'xilinx.com:signal:clock:1.0' (from Xilinx Repository).
WARNING: [IP_Flow 19-5661] Bus Interface 'clk' does not have any bus interfaces associated with it.
WARNING: [IP_Flow 19-11770] Clock interface 'clk' has no FREQ_HZ parameter.
INFO: [IP_Flow 19-3420] Updated design_1_TTF_Driver_0_0 to use current project options
INFO: [BD 5-943] Reserving offset range <0x4000_0000 [ 32K ]> from slave interface '/axi_smc/S00_AXI' to master interface '/axi_smc/M00_AXI'. This will be used by smartconnect on path for routing.
INFO: [BD 5-943] Reserving offset range <0x4120_0000 [ 64K ]> from slave interface '/axi_smc/S00_AXI' to master interface '/axi_smc/M01_AXI'. This will be used by smartconnect on path for routing.
INFO: [xilinx.com:ip:smartconnect:1.0-1] design_1_axi_smc_0: SmartConnect design_1_axi_smc_0 is in High-performance Mode.
INFO: [Ipptcl 7-1463] No Compatible Board Interface found. Board Tab not created in customize GUI
WARNING: [filemgmt 56-443] The ECC Algorithm string is empty. Setting the Memory Map to default ECC value to ECC_NONE.
WARNING: [filemgmt 56-443] The ECC Algorithm string is empty. Setting the Memory Map to default ECC value to ECC_NONE.
Wrote  : <C:\GraviTris\GT_Zybo\GT_Zybo.srcs\sources_1\bd\design_1\design_1.bd> 
WARNING: [BD 41-2384] Width mismatch when connecting pin: '/axi_bram_ctrl_0_bram/addra'(32) to pin: '/axi_bram_ctrl_0/bram_addr_a'(15) - Only lower order bits will be connected.
VHDL Output written to : c:/GraviTris/GT_Zybo/GT_Zybo.gen/sources_1/bd/design_1/synth/design_1.vhd
WARNING: [BD 41-2384] Width mismatch when connecting pin: '/axi_bram_ctrl_0_bram/addra'(32) to pin: '/axi_bram_ctrl_0/bram_addr_a'(15) - Only lower order bits will be connected.
VHDL Output written to : c:/GraviTris/GT_Zybo/GT_Zybo.gen/sources_1/bd/design_1/sim/design_1.vhd
VHDL Output written to : c:/GraviTris/GT_Zybo/GT_Zybo.gen/sources_1/bd/design_1/hdl/design_1_wrapper.vhd
make_wrapper: Time (s): cpu = 00:00:07 ; elapsed = 00:00:21 . Memory (MB): peak = 2122.914 ; gain = 360.730
add_files -norecurse c:/GraviTris/GT_Zybo/GT_Zybo.gen/sources_1/bd/design_1/hdl/design_1_wrapper.vhd
update_compile_order -fileset sources_1
update_compile_order -fileset sources_1
launch_runs synth_1 -jobs 16
INFO: [BD 41-1662] The design 'design_1.bd' is already validated. Therefore parameter propagation will not be re-run.
WARNING: [filemgmt 56-443] The ECC Algorithm string is empty. Setting the Memory Map to default ECC value to ECC_NONE.
WARNING: [filemgmt 56-443] The ECC Algorithm string is empty. Setting the Memory Map to default ECC value to ECC_NONE.
WARNING: [BD 41-2384] Width mismatch when connecting pin: '/axi_bram_ctrl_0_bram/addra'(32) to pin: '/axi_bram_ctrl_0/bram_addr_a'(15) - Only lower order bits will be connected.
VHDL Output written to : c:/GraviTris/GT_Zybo/GT_Zybo.gen/sources_1/bd/design_1/synth/design_1.vhd
WARNING: [BD 41-2384] Width mismatch when connecting pin: '/axi_bram_ctrl_0_bram/addra'(32) to pin: '/axi_bram_ctrl_0/bram_addr_a'(15) - Only lower order bits will be connected.
VHDL Output written to : c:/GraviTris/GT_Zybo/GT_Zybo.gen/sources_1/bd/design_1/sim/design_1.vhd
VHDL Output written to : c:/GraviTris/GT_Zybo/GT_Zybo.gen/sources_1/bd/design_1/hdl/design_1_wrapper.vhd
INFO: [IP_Flow 19-5611] Unable to find an associated reset port for the interface 'M_AXI_GP0'. A default connection has been created.
INFO: [BD 41-1029] Generation completed for the IP Integrator block processing_system7_0 .
INFO: [BD 41-1029] Generation completed for the IP Integrator block axi_bram_ctrl_0 .
INFO: [BD 41-1029] Generation completed for the IP Integrator block axi_bram_ctrl_0_bram .
Exporting to file c:/GraviTris/GT_Zybo/GT_Zybo.gen/sources_1/bd/design_1/ip/design_1_axi_smc_0/bd_0/hw_handoff/design_1_axi_smc_0.hwh
Generated Hardware Definition File c:/GraviTris/GT_Zybo/GT_Zybo.gen/sources_1/bd/design_1/ip/design_1_axi_smc_0/bd_0/synth/design_1_axi_smc_0.hwdef
INFO: [BD 41-1029] Generation completed for the IP Integrator block axi_smc .
INFO: [BD 41-1029] Generation completed for the IP Integrator block rst_ps7_0_50M .
INFO: [BD 41-1029] Generation completed for the IP Integrator block axi_gpio_0 .
INFO: [BD 41-1029] Generation completed for the IP Integrator block IO_Mapper_0 .
INFO: [BD 41-1029] Generation completed for the IP Integrator block TTF_Driver_0 .
INFO: [BD 41-1029] Generation completed for the IP Integrator block xlconstant_0 .
INFO: [BD 41-1029] Generation completed for the IP Integrator block xlconstant_1 .
Exporting to file c:/GraviTris/GT_Zybo/GT_Zybo.gen/sources_1/bd/design_1/hw_handoff/design_1.hwh
Generated Hardware Definition File c:/GraviTris/GT_Zybo/GT_Zybo.gen/sources_1/bd/design_1/synth/design_1.hwdef
INFO: [IP_Flow 19-6930] IPCACHE: runCacheChecks() number of threads = 8
INFO: [IP_Flow 19-6921] IPCACHE: Adding cache check func to thread queue for IP design_1_axi_bram_ctrl_0_0
INFO: [IP_Flow 19-6921] IPCACHE: Adding cache check func to thread queue for IP design_1_axi_bram_ctrl_0_bram_0
INFO: [IP_Flow 19-6921] IPCACHE: Adding cache check func to thread queue for IP design_1_axi_gpio_0_0
INFO: [IP_Flow 19-6921] IPCACHE: Adding cache check func to thread queue for IP design_1_axi_smc_0
INFO: [IP_Flow 19-6921] IPCACHE: Adding cache check func to thread queue for IP design_1_rst_ps7_0_50M_0
INFO: [IP_Flow 19-8020] IPCACHE: runCacheChecks() calling threadPool finishWork()
INFO: [IP_Flow 19-6924] IPCACHE: Running cache check for IP inst: design_1_axi_bram_ctrl_0_0
INFO: [IP_Flow 19-6924] IPCACHE: Running cache check for IP inst: design_1_axi_bram_ctrl_0_bram_0
INFO: [IP_Flow 19-6924] IPCACHE: Running cache check for IP inst: design_1_axi_gpio_0_0
INFO: [IP_Flow 19-6924] IPCACHE: Running cache check for IP inst: design_1_axi_smc_0
INFO: [IP_Flow 19-6924] IPCACHE: Running cache check for IP inst: design_1_rst_ps7_0_50M_0
[Fri Jul 19 20:50:43 2024] Launched design_1_processing_system7_0_0_synth_1, design_1_IO_Mapper_0_0_synth_1, design_1_TTF_Driver_0_0_synth_1, design_1_axi_gpio_0_0_synth_1, design_1_axi_bram_ctrl_0_0_synth_1, design_1_axi_bram_ctrl_0_bram_0_synth_1, design_1_axi_smc_0_synth_1, design_1_rst_ps7_0_50M_0_synth_1...
Run output will be captured here:
design_1_processing_system7_0_0_synth_1: C:/GraviTris/GT_Zybo/GT_Zybo.runs/design_1_processing_system7_0_0_synth_1/runme.log
design_1_IO_Mapper_0_0_synth_1: C:/GraviTris/GT_Zybo/GT_Zybo.runs/design_1_IO_Mapper_0_0_synth_1/runme.log
design_1_TTF_Driver_0_0_synth_1: C:/GraviTris/GT_Zybo/GT_Zybo.runs/design_1_TTF_Driver_0_0_synth_1/runme.log
design_1_axi_gpio_0_0_synth_1: C:/GraviTris/GT_Zybo/GT_Zybo.runs/design_1_axi_gpio_0_0_synth_1/runme.log
design_1_axi_bram_ctrl_0_0_synth_1: C:/GraviTris/GT_Zybo/GT_Zybo.runs/design_1_axi_bram_ctrl_0_0_synth_1/runme.log
design_1_axi_bram_ctrl_0_bram_0_synth_1: C:/GraviTris/GT_Zybo/GT_Zybo.runs/design_1_axi_bram_ctrl_0_bram_0_synth_1/runme.log
design_1_axi_smc_0_synth_1: C:/GraviTris/GT_Zybo/GT_Zybo.runs/design_1_axi_smc_0_synth_1/runme.log
design_1_rst_ps7_0_50M_0_synth_1: C:/GraviTris/GT_Zybo/GT_Zybo.runs/design_1_rst_ps7_0_50M_0_synth_1/runme.log
[Fri Jul 19 20:50:43 2024] Launched synth_1...
Run output will be captured here: C:/GraviTris/GT_Zybo/GT_Zybo.runs/synth_1/runme.log
launch_runs: Time (s): cpu = 00:00:14 ; elapsed = 00:00:20 . Memory (MB): peak = 2205.777 ; gain = 56.586
launch_runs impl_1 -jobs 16
[Fri Jul 19 20:53:43 2024] Launched impl_1...
Run output will be captured here: C:/GraviTris/GT_Zybo/GT_Zybo.runs/impl_1/runme.log
open_run synth_1 -name synth_1
Design is defaulting to impl run constrset: constrs_1
Design is defaulting to synth run part: xc7z020clg400-1
INFO: [Device 21-403] Loading part xc7z020clg400-1
INFO: [Device 21-9227] Part: xc7z020clg400-1 does not have CEAM library.
INFO: [Project 1-454] Reading design checkpoint 'c:/GraviTris/GT_Zybo/GT_Zybo.gen/sources_1/bd/design_1/ip/design_1_IO_Mapper_0_0/design_1_IO_Mapper_0_0.dcp' for cell 'design_1_i/IO_Mapper_0'
INFO: [Project 1-454] Reading design checkpoint 'c:/GraviTris/GT_Zybo/GT_Zybo.gen/sources_1/bd/design_1/ip/design_1_TTF_Driver_0_0/design_1_TTF_Driver_0_0.dcp' for cell 'design_1_i/TTF_Driver_0'
INFO: [Project 1-454] Reading design checkpoint 'c:/GraviTris/GT_Zybo/GT_Zybo.gen/sources_1/bd/design_1/ip/design_1_axi_bram_ctrl_0_0/design_1_axi_bram_ctrl_0_0.dcp' for cell 'design_1_i/axi_bram_ctrl_0'
INFO: [Project 1-454] Reading design checkpoint 'c:/GraviTris/GT_Zybo/GT_Zybo.gen/sources_1/bd/design_1/ip/design_1_axi_bram_ctrl_0_bram_0/design_1_axi_bram_ctrl_0_bram_0.dcp' for cell 'design_1_i/axi_bram_ctrl_0_bram'
INFO: [Project 1-454] Reading design checkpoint 'c:/GraviTris/GT_Zybo/GT_Zybo.gen/sources_1/bd/design_1/ip/design_1_axi_gpio_0_0/design_1_axi_gpio_0_0.dcp' for cell 'design_1_i/axi_gpio_0'
INFO: [Project 1-454] Reading design checkpoint 'c:/GraviTris/GT_Zybo/GT_Zybo.gen/sources_1/bd/design_1/ip/design_1_axi_smc_0/design_1_axi_smc_0.dcp' for cell 'design_1_i/axi_smc'
INFO: [Project 1-454] Reading design checkpoint 'c:/GraviTris/GT_Zybo/GT_Zybo.gen/sources_1/bd/design_1/ip/design_1_processing_system7_0_0/design_1_processing_system7_0_0.dcp' for cell 'design_1_i/processing_system7_0'
INFO: [Project 1-454] Reading design checkpoint 'c:/GraviTris/GT_Zybo/GT_Zybo.gen/sources_1/bd/design_1/ip/design_1_rst_ps7_0_50M_0/design_1_rst_ps7_0_50M_0.dcp' for cell 'design_1_i/rst_ps7_0_50M'
Netlist sorting complete. Time (s): cpu = 00:00:00 ; elapsed = 00:00:00.250 . Memory (MB): peak = 2392.043 ; gain = 0.000
INFO: [Netlist 29-17] Analyzing 174 Unisim elements for replacement
INFO: [Netlist 29-28] Unisim Transformation completed in 0 CPU seconds
INFO: [Project 1-479] Netlist was created with Vivado 2024.1
INFO: [Project 1-570] Preparing netlist for logic optimization
Parsing XDC File [c:/GraviTris/GT_Zybo/GT_Zybo.gen/sources_1/bd/design_1/ip/design_1_processing_system7_0_0/design_1_processing_system7_0_0.xdc] for cell 'design_1_i/processing_system7_0/inst'
Finished Parsing XDC File [c:/GraviTris/GT_Zybo/GT_Zybo.gen/sources_1/bd/design_1/ip/design_1_processing_system7_0_0/design_1_processing_system7_0_0.xdc] for cell 'design_1_i/processing_system7_0/inst'
Parsing XDC File [c:/GraviTris/GT_Zybo/GT_Zybo.gen/sources_1/bd/design_1/ip/design_1_axi_smc_0/bd_0/ip/ip_1/bd_afc3_psr_aclk_0_board.xdc] for cell 'design_1_i/axi_smc/inst/clk_map/psr_aclk/U0'
Finished Parsing XDC File [c:/GraviTris/GT_Zybo/GT_Zybo.gen/sources_1/bd/design_1/ip/design_1_axi_smc_0/bd_0/ip/ip_1/bd_afc3_psr_aclk_0_board.xdc] for cell 'design_1_i/axi_smc/inst/clk_map/psr_aclk/U0'
Parsing XDC File [c:/GraviTris/GT_Zybo/GT_Zybo.gen/sources_1/bd/design_1/ip/design_1_axi_smc_0/bd_0/ip/ip_1/bd_afc3_psr_aclk_0.xdc] for cell 'design_1_i/axi_smc/inst/clk_map/psr_aclk/U0'
Finished Parsing XDC File [c:/GraviTris/GT_Zybo/GT_Zybo.gen/sources_1/bd/design_1/ip/design_1_axi_smc_0/bd_0/ip/ip_1/bd_afc3_psr_aclk_0.xdc] for cell 'design_1_i/axi_smc/inst/clk_map/psr_aclk/U0'
Parsing XDC File [c:/GraviTris/GT_Zybo/GT_Zybo.gen/sources_1/bd/design_1/ip/design_1_axi_smc_0/bd_0/ip/ip_11/bd_afc3_sarn_0_clocks.xdc] for cell 'design_1_i/axi_smc/inst/s00_nodes/s00_ar_node/inst'
WARNING: [Vivado_Tcl 4-921] Waiver ID 'CDC-1' -to list should not be empty. [c:/GraviTris/GT_Zybo/GT_Zybo.gen/sources_1/bd/design_1/ip/design_1_axi_smc_0/bd_0/ip/ip_11/bd_afc3_sarn_0_clocks.xdc:49]
WARNING: [Vivado_Tcl 4-921] Waiver ID 'CDC-1' -to list should not be empty. [c:/GraviTris/GT_Zybo/GT_Zybo.gen/sources_1/bd/design_1/ip/design_1_axi_smc_0/bd_0/ip/ip_11/bd_afc3_sarn_0_clocks.xdc:52]
WARNING: [Vivado_Tcl 4-921] Waiver ID 'CDC-1' -to list should not be empty. [c:/GraviTris/GT_Zybo/GT_Zybo.gen/sources_1/bd/design_1/ip/design_1_axi_smc_0/bd_0/ip/ip_11/bd_afc3_sarn_0_clocks.xdc:55]
WARNING: [Vivado_Tcl 4-921] Waiver ID 'CDC-1' -to list should not be empty. [c:/GraviTris/GT_Zybo/GT_Zybo.gen/sources_1/bd/design_1/ip/design_1_axi_smc_0/bd_0/ip/ip_11/bd_afc3_sarn_0_clocks.xdc:59]
WARNING: [Vivado_Tcl 4-921] Waiver ID 'CDC-1' -to list should not be empty. [c:/GraviTris/GT_Zybo/GT_Zybo.gen/sources_1/bd/design_1/ip/design_1_axi_smc_0/bd_0/ip/ip_11/bd_afc3_sarn_0_clocks.xdc:63]
WARNING: [Vivado_Tcl 4-921] Waiver ID 'CDC-1' -to list should not be empty. [c:/GraviTris/GT_Zybo/GT_Zybo.gen/sources_1/bd/design_1/ip/design_1_axi_smc_0/bd_0/ip/ip_11/bd_afc3_sarn_0_clocks.xdc:66]
WARNING: [Vivado_Tcl 4-921] Waiver ID 'CDC-1' -to list should not be empty. [c:/GraviTris/GT_Zybo/GT_Zybo.gen/sources_1/bd/design_1/ip/design_1_axi_smc_0/bd_0/ip/ip_11/bd_afc3_sarn_0_clocks.xdc:70]
WARNING: [Vivado_Tcl 4-921] Waiver ID 'CDC-1' -to list should not be empty. [c:/GraviTris/GT_Zybo/GT_Zybo.gen/sources_1/bd/design_1/ip/design_1_axi_smc_0/bd_0/ip/ip_11/bd_afc3_sarn_0_clocks.xdc:73]
WARNING: [Vivado_Tcl 4-921] Waiver ID 'CDC-1' -to list should not be empty. [c:/GraviTris/GT_Zybo/GT_Zybo.gen/sources_1/bd/design_1/ip/design_1_axi_smc_0/bd_0/ip/ip_11/bd_afc3_sarn_0_clocks.xdc:76]
WARNING: [Vivado_Tcl 4-921] Waiver ID 'CDC-1' -to list should not be empty. [c:/GraviTris/GT_Zybo/GT_Zybo.gen/sources_1/bd/design_1/ip/design_1_axi_smc_0/bd_0/ip/ip_11/bd_afc3_sarn_0_clocks.xdc:79]
WARNING: [Vivado_Tcl 4-921] Waiver ID 'CDC-4' -to list should not be empty. [c:/GraviTris/GT_Zybo/GT_Zybo.gen/sources_1/bd/design_1/ip/design_1_axi_smc_0/bd_0/ip/ip_11/bd_afc3_sarn_0_clocks.xdc:85]
WARNING: [Vivado_Tcl 4-921] Waiver ID 'CDC-4' -to list should not be empty. [c:/GraviTris/GT_Zybo/GT_Zybo.gen/sources_1/bd/design_1/ip/design_1_axi_smc_0/bd_0/ip/ip_11/bd_afc3_sarn_0_clocks.xdc:88]
WARNING: [Vivado_Tcl 4-921] Waiver ID 'CDC-2' -to list should not be empty. [c:/GraviTris/GT_Zybo/GT_Zybo.gen/sources_1/bd/design_1/ip/design_1_axi_smc_0/bd_0/ip/ip_11/bd_afc3_sarn_0_clocks.xdc:91]
WARNING: [Vivado_Tcl 4-921] Waiver ID 'CDC-2' -to list should not be empty. [c:/GraviTris/GT_Zybo/GT_Zybo.gen/sources_1/bd/design_1/ip/design_1_axi_smc_0/bd_0/ip/ip_11/bd_afc3_sarn_0_clocks.xdc:94]
WARNING: [Vivado_Tcl 4-921] Waiver ID 'CDC-2' -to list should not be empty. [c:/GraviTris/GT_Zybo/GT_Zybo.gen/sources_1/bd/design_1/ip/design_1_axi_smc_0/bd_0/ip/ip_11/bd_afc3_sarn_0_clocks.xdc:97]
WARNING: [Vivado_Tcl 4-921] Waiver ID 'CDC-2' -to list should not be empty. [c:/GraviTris/GT_Zybo/GT_Zybo.gen/sources_1/bd/design_1/ip/design_1_axi_smc_0/bd_0/ip/ip_11/bd_afc3_sarn_0_clocks.xdc:100]
WARNING: [Vivado_Tcl 4-921] Waiver ID 'CDC-1' -to list should not be empty. [c:/GraviTris/GT_Zybo/GT_Zybo.gen/sources_1/bd/design_1/ip/design_1_axi_smc_0/bd_0/ip/ip_11/bd_afc3_sarn_0_clocks.xdc:104]
WARNING: [Vivado_Tcl 4-921] Waiver ID 'CDC-10' -to list should not be empty. [c:/GraviTris/GT_Zybo/GT_Zybo.gen/sources_1/bd/design_1/ip/design_1_axi_smc_0/bd_0/ip/ip_11/bd_afc3_sarn_0_clocks.xdc:107]
WARNING: [Vivado_Tcl 4-921] Waiver ID 'CDC-10' -to list should not be empty. [c:/GraviTris/GT_Zybo/GT_Zybo.gen/sources_1/bd/design_1/ip/design_1_axi_smc_0/bd_0/ip/ip_11/bd_afc3_sarn_0_clocks.xdc:110]
WARNING: [Vivado_Tcl 4-921] Waiver ID 'CDC-1' -to list should not be empty. [c:/GraviTris/GT_Zybo/GT_Zybo.gen/sources_1/bd/design_1/ip/design_1_axi_smc_0/bd_0/ip/ip_11/bd_afc3_sarn_0_clocks.xdc:113]
WARNING: [Vivado_Tcl 4-921] Waiver ID 'CDC-1' -to list should not be empty. [c:/GraviTris/GT_Zybo/GT_Zybo.gen/sources_1/bd/design_1/ip/design_1_axi_smc_0/bd_0/ip/ip_11/bd_afc3_sarn_0_clocks.xdc:116]
WARNING: [Vivado_Tcl 4-921] Waiver ID 'CDC-1' -to list should not be empty. [c:/GraviTris/GT_Zybo/GT_Zybo.gen/sources_1/bd/design_1/ip/design_1_axi_smc_0/bd_0/ip/ip_11/bd_afc3_sarn_0_clocks.xdc:119]
WARNING: [Vivado_Tcl 4-921] Waiver ID 'CDC-13' -to list should not be empty. [c:/GraviTris/GT_Zybo/GT_Zybo.gen/sources_1/bd/design_1/ip/design_1_axi_smc_0/bd_0/ip/ip_11/bd_afc3_sarn_0_clocks.xdc:122]
WARNING: [Vivado_Tcl 4-921] Waiver ID 'CDC-1' -to list should not be empty. [c:/GraviTris/GT_Zybo/GT_Zybo.gen/sources_1/bd/design_1/ip/design_1_axi_smc_0/bd_0/ip/ip_11/bd_afc3_sarn_0_clocks.xdc:125]
WARNING: [Vivado_Tcl 4-921] Waiver ID 'CDC-1' -to list should not be empty. [c:/GraviTris/GT_Zybo/GT_Zybo.gen/sources_1/bd/design_1/ip/design_1_axi_smc_0/bd_0/ip/ip_11/bd_afc3_sarn_0_clocks.xdc:128]
WARNING: [Vivado_Tcl 4-921] Waiver ID 'CDC-13' -to list should not be empty. [c:/GraviTris/GT_Zybo/GT_Zybo.gen/sources_1/bd/design_1/ip/design_1_axi_smc_0/bd_0/ip/ip_11/bd_afc3_sarn_0_clocks.xdc:131]
WARNING: [Vivado_Tcl 4-921] Waiver ID 'CDC-1' -to list should not be empty. [c:/GraviTris/GT_Zybo/GT_Zybo.gen/sources_1/bd/design_1/ip/design_1_axi_smc_0/bd_0/ip/ip_11/bd_afc3_sarn_0_clocks.xdc:134]
WARNING: [Vivado_Tcl 4-921] Waiver ID 'CDC-10' -to list should not be empty. [c:/GraviTris/GT_Zybo/GT_Zybo.gen/sources_1/bd/design_1/ip/design_1_axi_smc_0/bd_0/ip/ip_11/bd_afc3_sarn_0_clocks.xdc:137]
WARNING: [Vivado_Tcl 4-921] Waiver ID 'CDC-1' -to list should not be empty. [c:/GraviTris/GT_Zybo/GT_Zybo.gen/sources_1/bd/design_1/ip/design_1_axi_smc_0/bd_0/ip/ip_11/bd_afc3_sarn_0_clocks.xdc:140]
WARNING: [Vivado_Tcl 4-921] Waiver ID 'CDC-1' -to list should not be empty. [c:/GraviTris/GT_Zybo/GT_Zybo.gen/sources_1/bd/design_1/ip/design_1_axi_smc_0/bd_0/ip/ip_11/bd_afc3_sarn_0_clocks.xdc:143]
WARNING: [Vivado_Tcl 4-921] Waiver ID 'CDC-1' -to list should not be empty. [c:/GraviTris/GT_Zybo/GT_Zybo.gen/sources_1/bd/design_1/ip/design_1_axi_smc_0/bd_0/ip/ip_11/bd_afc3_sarn_0_clocks.xdc:146]
WARNING: [Vivado_Tcl 4-921] Waiver ID 'CDC-2' -to list should not be empty. [c:/GraviTris/GT_Zybo/GT_Zybo.gen/sources_1/bd/design_1/ip/design_1_axi_smc_0/bd_0/ip/ip_11/bd_afc3_sarn_0_clocks.xdc:149]
WARNING: [Vivado_Tcl 4-921] Waiver ID 'CDC-1' -to list should not be empty. [c:/GraviTris/GT_Zybo/GT_Zybo.gen/sources_1/bd/design_1/ip/design_1_axi_smc_0/bd_0/ip/ip_11/bd_afc3_sarn_0_clocks.xdc:152]
WARNING: [Vivado_Tcl 4-921] Waiver ID 'CDC-1' -to list should not be empty. [c:/GraviTris/GT_Zybo/GT_Zybo.gen/sources_1/bd/design_1/ip/design_1_axi_smc_0/bd_0/ip/ip_11/bd_afc3_sarn_0_clocks.xdc:155]
WARNING: [Vivado_Tcl 4-921] Waiver ID 'CDC-10' -to list should not be empty. [c:/GraviTris/GT_Zybo/GT_Zybo.gen/sources_1/bd/design_1/ip/design_1_axi_smc_0/bd_0/ip/ip_11/bd_afc3_sarn_0_clocks.xdc:161]
WARNING: [Vivado_Tcl 4-921] Waiver ID 'CDC-4' -to list should not be empty. [c:/GraviTris/GT_Zybo/GT_Zybo.gen/sources_1/bd/design_1/ip/design_1_axi_smc_0/bd_0/ip/ip_11/bd_afc3_sarn_0_clocks.xdc:164]
WARNING: [Vivado_Tcl 4-921] Waiver ID 'CDC-4' -to list should not be empty. [c:/GraviTris/GT_Zybo/GT_Zybo.gen/sources_1/bd/design_1/ip/design_1_axi_smc_0/bd_0/ip/ip_11/bd_afc3_sarn_0_clocks.xdc:167]
WARNING: [Vivado_Tcl 4-921] Waiver ID 'CDC-4' -to list should not be empty. [c:/GraviTris/GT_Zybo/GT_Zybo.gen/sources_1/bd/design_1/ip/design_1_axi_smc_0/bd_0/ip/ip_11/bd_afc3_sarn_0_clocks.xdc:171]
WARNING: [Vivado_Tcl 4-921] Waiver ID 'CDC-4' -to list should not be empty. [c:/GraviTris/GT_Zybo/GT_Zybo.gen/sources_1/bd/design_1/ip/design_1_axi_smc_0/bd_0/ip/ip_11/bd_afc3_sarn_0_clocks.xdc:174]
WARNING: [Vivado_Tcl 4-921] Waiver ID 'CDC-1' -to list should not be empty. [c:/GraviTris/GT_Zybo/GT_Zybo.gen/sources_1/bd/design_1/ip/design_1_axi_smc_0/bd_0/ip/ip_11/bd_afc3_sarn_0_clocks.xdc:178]
WARNING: [Vivado_Tcl 4-921] Waiver ID 'CDC-1' -to list should not be empty. [c:/GraviTris/GT_Zybo/GT_Zybo.gen/sources_1/bd/design_1/ip/design_1_axi_smc_0/bd_0/ip/ip_11/bd_afc3_sarn_0_clocks.xdc:181]
WARNING: [Vivado_Tcl 4-921] Waiver ID 'CDC-13' -to list should not be empty. [c:/GraviTris/GT_Zybo/GT_Zybo.gen/sources_1/bd/design_1/ip/design_1_axi_smc_0/bd_0/ip/ip_11/bd_afc3_sarn_0_clocks.xdc:184]
Finished Parsing XDC File [c:/GraviTris/GT_Zybo/GT_Zybo.gen/sources_1/bd/design_1/ip/design_1_axi_smc_0/bd_0/ip/ip_11/bd_afc3_sarn_0_clocks.xdc] for cell 'design_1_i/axi_smc/inst/s00_nodes/s00_ar_node/inst'
Parsing XDC File [c:/GraviTris/GT_Zybo/GT_Zybo.gen/sources_1/bd/design_1/ip/design_1_axi_smc_0/bd_0/ip/ip_12/bd_afc3_srn_0_clocks.xdc] for cell 'design_1_i/axi_smc/inst/s00_nodes/s00_r_node/inst'
WARNING: [Vivado_Tcl 4-921] Waiver ID 'CDC-1' -to list should not be empty. [c:/GraviTris/GT_Zybo/GT_Zybo.gen/sources_1/bd/design_1/ip/design_1_axi_smc_0/bd_0/ip/ip_12/bd_afc3_srn_0_clocks.xdc:49]
WARNING: [Vivado_Tcl 4-921] Waiver ID 'CDC-1' -to list should not be empty. [c:/GraviTris/GT_Zybo/GT_Zybo.gen/sources_1/bd/design_1/ip/design_1_axi_smc_0/bd_0/ip/ip_12/bd_afc3_srn_0_clocks.xdc:52]
WARNING: [Vivado_Tcl 4-921] Waiver ID 'CDC-1' -to list should not be empty. [c:/GraviTris/GT_Zybo/GT_Zybo.gen/sources_1/bd/design_1/ip/design_1_axi_smc_0/bd_0/ip/ip_12/bd_afc3_srn_0_clocks.xdc:55]
WARNING: [Vivado_Tcl 4-921] Waiver ID 'CDC-1' -to list should not be empty. [c:/GraviTris/GT_Zybo/GT_Zybo.gen/sources_1/bd/design_1/ip/design_1_axi_smc_0/bd_0/ip/ip_12/bd_afc3_srn_0_clocks.xdc:59]
WARNING: [Vivado_Tcl 4-921] Waiver ID 'CDC-1' -to list should not be empty. [c:/GraviTris/GT_Zybo/GT_Zybo.gen/sources_1/bd/design_1/ip/design_1_axi_smc_0/bd_0/ip/ip_12/bd_afc3_srn_0_clocks.xdc:63]
WARNING: [Vivado_Tcl 4-921] Waiver ID 'CDC-1' -to list should not be empty. [c:/GraviTris/GT_Zybo/GT_Zybo.gen/sources_1/bd/design_1/ip/design_1_axi_smc_0/bd_0/ip/ip_12/bd_afc3_srn_0_clocks.xdc:66]
WARNING: [Vivado_Tcl 4-921] Waiver ID 'CDC-1' -to list should not be empty. [c:/GraviTris/GT_Zybo/GT_Zybo.gen/sources_1/bd/design_1/ip/design_1_axi_smc_0/bd_0/ip/ip_12/bd_afc3_srn_0_clocks.xdc:70]
WARNING: [Vivado_Tcl 4-921] Waiver ID 'CDC-1' -to list should not be empty. [c:/GraviTris/GT_Zybo/GT_Zybo.gen/sources_1/bd/design_1/ip/design_1_axi_smc_0/bd_0/ip/ip_12/bd_afc3_srn_0_clocks.xdc:73]
WARNING: [Vivado_Tcl 4-921] Waiver ID 'CDC-1' -to list should not be empty. [c:/GraviTris/GT_Zybo/GT_Zybo.gen/sources_1/bd/design_1/ip/design_1_axi_smc_0/bd_0/ip/ip_12/bd_afc3_srn_0_clocks.xdc:76]
WARNING: [Vivado_Tcl 4-921] Waiver ID 'CDC-1' -to list should not be empty. [c:/GraviTris/GT_Zybo/GT_Zybo.gen/sources_1/bd/design_1/ip/design_1_axi_smc_0/bd_0/ip/ip_12/bd_afc3_srn_0_clocks.xdc:79]
WARNING: [Vivado_Tcl 4-921] Waiver ID 'CDC-1' -to list should not be empty. [c:/GraviTris/GT_Zybo/GT_Zybo.gen/sources_1/bd/design_1/ip/design_1_axi_smc_0/bd_0/ip/ip_12/bd_afc3_srn_0_clocks.xdc:82]
WARNING: [Vivado_Tcl 4-921] Waiver ID 'CDC-4' -to list should not be empty. [c:/GraviTris/GT_Zybo/GT_Zybo.gen/sources_1/bd/design_1/ip/design_1_axi_smc_0/bd_0/ip/ip_12/bd_afc3_srn_0_clocks.xdc:85]
WARNING: [Vivado_Tcl 4-921] Waiver ID 'CDC-4' -to list should not be empty. [c:/GraviTris/GT_Zybo/GT_Zybo.gen/sources_1/bd/design_1/ip/design_1_axi_smc_0/bd_0/ip/ip_12/bd_afc3_srn_0_clocks.xdc:88]
WARNING: [Vivado_Tcl 4-921] Waiver ID 'CDC-2' -to list should not be empty. [c:/GraviTris/GT_Zybo/GT_Zybo.gen/sources_1/bd/design_1/ip/design_1_axi_smc_0/bd_0/ip/ip_12/bd_afc3_srn_0_clocks.xdc:91]
WARNING: [Vivado_Tcl 4-921] Waiver ID 'CDC-2' -to list should not be empty. [c:/GraviTris/GT_Zybo/GT_Zybo.gen/sources_1/bd/design_1/ip/design_1_axi_smc_0/bd_0/ip/ip_12/bd_afc3_srn_0_clocks.xdc:94]
WARNING: [Vivado_Tcl 4-921] Waiver ID 'CDC-2' -to list should not be empty. [c:/GraviTris/GT_Zybo/GT_Zybo.gen/sources_1/bd/design_1/ip/design_1_axi_smc_0/bd_0/ip/ip_12/bd_afc3_srn_0_clocks.xdc:97]
WARNING: [Vivado_Tcl 4-921] Waiver ID 'CDC-2' -to list should not be empty. [c:/GraviTris/GT_Zybo/GT_Zybo.gen/sources_1/bd/design_1/ip/design_1_axi_smc_0/bd_0/ip/ip_12/bd_afc3_srn_0_clocks.xdc:100]
WARNING: [Vivado_Tcl 4-921] Waiver ID 'CDC-1' -to list should not be empty. [c:/GraviTris/GT_Zybo/GT_Zybo.gen/sources_1/bd/design_1/ip/design_1_axi_smc_0/bd_0/ip/ip_12/bd_afc3_srn_0_clocks.xdc:104]
WARNING: [Vivado_Tcl 4-921] Waiver ID 'CDC-10' -to list should not be empty. [c:/GraviTris/GT_Zybo/GT_Zybo.gen/sources_1/bd/design_1/ip/design_1_axi_smc_0/bd_0/ip/ip_12/bd_afc3_srn_0_clocks.xdc:107]
WARNING: [Vivado_Tcl 4-921] Waiver ID 'CDC-10' -to list should not be empty. [c:/GraviTris/GT_Zybo/GT_Zybo.gen/sources_1/bd/design_1/ip/design_1_axi_smc_0/bd_0/ip/ip_12/bd_afc3_srn_0_clocks.xdc:110]
WARNING: [Vivado_Tcl 4-921] Waiver ID 'CDC-1' -to list should not be empty. [c:/GraviTris/GT_Zybo/GT_Zybo.gen/sources_1/bd/design_1/ip/design_1_axi_smc_0/bd_0/ip/ip_12/bd_afc3_srn_0_clocks.xdc:113]
WARNING: [Vivado_Tcl 4-921] Waiver ID 'CDC-1' -to list should not be empty. [c:/GraviTris/GT_Zybo/GT_Zybo.gen/sources_1/bd/design_1/ip/design_1_axi_smc_0/bd_0/ip/ip_12/bd_afc3_srn_0_clocks.xdc:116]
WARNING: [Vivado_Tcl 4-921] Waiver ID 'CDC-1' -to list should not be empty. [c:/GraviTris/GT_Zybo/GT_Zybo.gen/sources_1/bd/design_1/ip/design_1_axi_smc_0/bd_0/ip/ip_12/bd_afc3_srn_0_clocks.xdc:119]
WARNING: [Vivado_Tcl 4-921] Waiver ID 'CDC-13' -to list should not be empty. [c:/GraviTris/GT_Zybo/GT_Zybo.gen/sources_1/bd/design_1/ip/design_1_axi_smc_0/bd_0/ip/ip_12/bd_afc3_srn_0_clocks.xdc:122]
WARNING: [Vivado_Tcl 4-921] Waiver ID 'CDC-1' -to list should not be empty. [c:/GraviTris/GT_Zybo/GT_Zybo.gen/sources_1/bd/design_1/ip/design_1_axi_smc_0/bd_0/ip/ip_12/bd_afc3_srn_0_clocks.xdc:125]
WARNING: [Vivado_Tcl 4-921] Waiver ID 'CDC-1' -to list should not be empty. [c:/GraviTris/GT_Zybo/GT_Zybo.gen/sources_1/bd/design_1/ip/design_1_axi_smc_0/bd_0/ip/ip_12/bd_afc3_srn_0_clocks.xdc:128]
WARNING: [Vivado_Tcl 4-921] Waiver ID 'CDC-13' -to list should not be empty. [c:/GraviTris/GT_Zybo/GT_Zybo.gen/sources_1/bd/design_1/ip/design_1_axi_smc_0/bd_0/ip/ip_12/bd_afc3_srn_0_clocks.xdc:131]
WARNING: [Vivado_Tcl 4-921] Waiver ID 'CDC-1' -to list should not be empty. [c:/GraviTris/GT_Zybo/GT_Zybo.gen/sources_1/bd/design_1/ip/design_1_axi_smc_0/bd_0/ip/ip_12/bd_afc3_srn_0_clocks.xdc:134]
WARNING: [Vivado_Tcl 4-921] Waiver ID 'CDC-10' -to list should not be empty. [c:/GraviTris/GT_Zybo/GT_Zybo.gen/sources_1/bd/design_1/ip/design_1_axi_smc_0/bd_0/ip/ip_12/bd_afc3_srn_0_clocks.xdc:137]
WARNING: [Vivado_Tcl 4-921] Waiver ID 'CDC-1' -to list should not be empty. [c:/GraviTris/GT_Zybo/GT_Zybo.gen/sources_1/bd/design_1/ip/design_1_axi_smc_0/bd_0/ip/ip_12/bd_afc3_srn_0_clocks.xdc:140]
WARNING: [Vivado_Tcl 4-921] Waiver ID 'CDC-1' -to list should not be empty. [c:/GraviTris/GT_Zybo/GT_Zybo.gen/sources_1/bd/design_1/ip/design_1_axi_smc_0/bd_0/ip/ip_12/bd_afc3_srn_0_clocks.xdc:143]
WARNING: [Vivado_Tcl 4-921] Waiver ID 'CDC-1' -to list should not be empty. [c:/GraviTris/GT_Zybo/GT_Zybo.gen/sources_1/bd/design_1/ip/design_1_axi_smc_0/bd_0/ip/ip_12/bd_afc3_srn_0_clocks.xdc:146]
WARNING: [Vivado_Tcl 4-921] Waiver ID 'CDC-2' -to list should not be empty. [c:/GraviTris/GT_Zybo/GT_Zybo.gen/sources_1/bd/design_1/ip/design_1_axi_smc_0/bd_0/ip/ip_12/bd_afc3_srn_0_clocks.xdc:149]
WARNING: [Vivado_Tcl 4-921] Waiver ID 'CDC-1' -to list should not be empty. [c:/GraviTris/GT_Zybo/GT_Zybo.gen/sources_1/bd/design_1/ip/design_1_axi_smc_0/bd_0/ip/ip_12/bd_afc3_srn_0_clocks.xdc:152]
WARNING: [Vivado_Tcl 4-921] Waiver ID 'CDC-1' -to list should not be empty. [c:/GraviTris/GT_Zybo/GT_Zybo.gen/sources_1/bd/design_1/ip/design_1_axi_smc_0/bd_0/ip/ip_12/bd_afc3_srn_0_clocks.xdc:155]
WARNING: [Vivado_Tcl 4-921] Waiver ID 'CDC-1' -to list should not be empty. [c:/GraviTris/GT_Zybo/GT_Zybo.gen/sources_1/bd/design_1/ip/design_1_axi_smc_0/bd_0/ip/ip_12/bd_afc3_srn_0_clocks.xdc:158]
WARNING: [Vivado_Tcl 4-921] Waiver ID 'CDC-10' -to list should not be empty. [c:/GraviTris/GT_Zybo/GT_Zybo.gen/sources_1/bd/design_1/ip/design_1_axi_smc_0/bd_0/ip/ip_12/bd_afc3_srn_0_clocks.xdc:161]
WARNING: [Vivado_Tcl 4-921] Waiver ID 'CDC-4' -to list should not be empty. [c:/GraviTris/GT_Zybo/GT_Zybo.gen/sources_1/bd/design_1/ip/design_1_axi_smc_0/bd_0/ip/ip_12/bd_afc3_srn_0_clocks.xdc:164]
WARNING: [Vivado_Tcl 4-921] Waiver ID 'CDC-4' -to list should not be empty. [c:/GraviTris/GT_Zybo/GT_Zybo.gen/sources_1/bd/design_1/ip/design_1_axi_smc_0/bd_0/ip/ip_12/bd_afc3_srn_0_clocks.xdc:167]
WARNING: [Vivado_Tcl 4-921] Waiver ID 'CDC-4' -to list should not be empty. [c:/GraviTris/GT_Zybo/GT_Zybo.gen/sources_1/bd/design_1/ip/design_1_axi_smc_0/bd_0/ip/ip_12/bd_afc3_srn_0_clocks.xdc:171]
WARNING: [Vivado_Tcl 4-921] Waiver ID 'CDC-4' -to list should not be empty. [c:/GraviTris/GT_Zybo/GT_Zybo.gen/sources_1/bd/design_1/ip/design_1_axi_smc_0/bd_0/ip/ip_12/bd_afc3_srn_0_clocks.xdc:174]
WARNING: [Vivado_Tcl 4-921] Waiver ID 'CDC-1' -to list should not be empty. [c:/GraviTris/GT_Zybo/GT_Zybo.gen/sources_1/bd/design_1/ip/design_1_axi_smc_0/bd_0/ip/ip_12/bd_afc3_srn_0_clocks.xdc:178]
WARNING: [Vivado_Tcl 4-921] Waiver ID 'CDC-1' -to list should not be empty. [c:/GraviTris/GT_Zybo/GT_Zybo.gen/sources_1/bd/design_1/ip/design_1_axi_smc_0/bd_0/ip/ip_12/bd_afc3_srn_0_clocks.xdc:181]
WARNING: [Vivado_Tcl 4-921] Waiver ID 'CDC-13' -to list should not be empty. [c:/GraviTris/GT_Zybo/GT_Zybo.gen/sources_1/bd/design_1/ip/design_1_axi_smc_0/bd_0/ip/ip_12/bd_afc3_srn_0_clocks.xdc:184]
Finished Parsing XDC File [c:/GraviTris/GT_Zybo/GT_Zybo.gen/sources_1/bd/design_1/ip/design_1_axi_smc_0/bd_0/ip/ip_12/bd_afc3_srn_0_clocks.xdc] for cell 'design_1_i/axi_smc/inst/s00_nodes/s00_r_node/inst'
Parsing XDC File [c:/GraviTris/GT_Zybo/GT_Zybo.gen/sources_1/bd/design_1/ip/design_1_axi_smc_0/bd_0/ip/ip_13/bd_afc3_sawn_0_clocks.xdc] for cell 'design_1_i/axi_smc/inst/s00_nodes/s00_aw_node/inst'
WARNING: [Vivado_Tcl 4-921] Waiver ID 'CDC-1' -to list should not be empty. [c:/GraviTris/GT_Zybo/GT_Zybo.gen/sources_1/bd/design_1/ip/design_1_axi_smc_0/bd_0/ip/ip_13/bd_afc3_sawn_0_clocks.xdc:49]
WARNING: [Vivado_Tcl 4-921] Waiver ID 'CDC-1' -to list should not be empty. [c:/GraviTris/GT_Zybo/GT_Zybo.gen/sources_1/bd/design_1/ip/design_1_axi_smc_0/bd_0/ip/ip_13/bd_afc3_sawn_0_clocks.xdc:52]
WARNING: [Vivado_Tcl 4-921] Waiver ID 'CDC-1' -to list should not be empty. [c:/GraviTris/GT_Zybo/GT_Zybo.gen/sources_1/bd/design_1/ip/design_1_axi_smc_0/bd_0/ip/ip_13/bd_afc3_sawn_0_clocks.xdc:55]
WARNING: [Vivado_Tcl 4-921] Waiver ID 'CDC-1' -to list should not be empty. [c:/GraviTris/GT_Zybo/GT_Zybo.gen/sources_1/bd/design_1/ip/design_1_axi_smc_0/bd_0/ip/ip_13/bd_afc3_sawn_0_clocks.xdc:59]
WARNING: [Vivado_Tcl 4-921] Waiver ID 'CDC-1' -to list should not be empty. [c:/GraviTris/GT_Zybo/GT_Zybo.gen/sources_1/bd/design_1/ip/design_1_axi_smc_0/bd_0/ip/ip_13/bd_afc3_sawn_0_clocks.xdc:63]
WARNING: [Vivado_Tcl 4-921] Waiver ID 'CDC-1' -to list should not be empty. [c:/GraviTris/GT_Zybo/GT_Zybo.gen/sources_1/bd/design_1/ip/design_1_axi_smc_0/bd_0/ip/ip_13/bd_afc3_sawn_0_clocks.xdc:66]
WARNING: [Vivado_Tcl 4-921] Waiver ID 'CDC-1' -to list should not be empty. [c:/GraviTris/GT_Zybo/GT_Zybo.gen/sources_1/bd/design_1/ip/design_1_axi_smc_0/bd_0/ip/ip_13/bd_afc3_sawn_0_clocks.xdc:70]
INFO: [Common 17-14] Message 'Vivado 12-180' appears 100 times and further instances of the messages will be disabled. Use the Tcl command set_msg_config to change the current settings. [c:/GraviTris/GT_Zybo/GT_Zybo.gen/sources_1/bd/design_1/ip/design_1_axi_smc_0/bd_0/ip/ip_13/bd_afc3_sawn_0_clocks.xdc:73]
WARNING: [Vivado_Tcl 4-921] Waiver ID 'CDC-1' -to list should not be empty. [c:/GraviTris/GT_Zybo/GT_Zybo.gen/sources_1/bd/design_1/ip/design_1_axi_smc_0/bd_0/ip/ip_13/bd_afc3_sawn_0_clocks.xdc:73]
WARNING: [Vivado_Tcl 4-921] Waiver ID 'CDC-1' -to list should not be empty. [c:/GraviTris/GT_Zybo/GT_Zybo.gen/sources_1/bd/design_1/ip/design_1_axi_smc_0/bd_0/ip/ip_13/bd_afc3_sawn_0_clocks.xdc:76]
WARNING: [Vivado_Tcl 4-921] Waiver ID 'CDC-1' -to list should not be empty. [c:/GraviTris/GT_Zybo/GT_Zybo.gen/sources_1/bd/design_1/ip/design_1_axi_smc_0/bd_0/ip/ip_13/bd_afc3_sawn_0_clocks.xdc:79]
WARNING: [Vivado_Tcl 4-921] Waiver ID 'CDC-4' -to list should not be empty. [c:/GraviTris/GT_Zybo/GT_Zybo.gen/sources_1/bd/design_1/ip/design_1_axi_smc_0/bd_0/ip/ip_13/bd_afc3_sawn_0_clocks.xdc:85]
WARNING: [Vivado_Tcl 4-921] Waiver ID 'CDC-4' -to list should not be empty. [c:/GraviTris/GT_Zybo/GT_Zybo.gen/sources_1/bd/design_1/ip/design_1_axi_smc_0/bd_0/ip/ip_13/bd_afc3_sawn_0_clocks.xdc:88]
WARNING: [Vivado_Tcl 4-921] Waiver ID 'CDC-2' -to list should not be empty. [c:/GraviTris/GT_Zybo/GT_Zybo.gen/sources_1/bd/design_1/ip/design_1_axi_smc_0/bd_0/ip/ip_13/bd_afc3_sawn_0_clocks.xdc:91]
WARNING: [Vivado_Tcl 4-921] Waiver ID 'CDC-2' -to list should not be empty. [c:/GraviTris/GT_Zybo/GT_Zybo.gen/sources_1/bd/design_1/ip/design_1_axi_smc_0/bd_0/ip/ip_13/bd_afc3_sawn_0_clocks.xdc:94]
INFO: [Common 17-14] Message 'Vivado_Tcl 4-921' appears 100 times and further instances of the messages will be disabled. Use the Tcl command set_msg_config to change the current settings. [c:/GraviTris/GT_Zybo/GT_Zybo.gen/sources_1/bd/design_1/ip/design_1_axi_smc_0/bd_0/ip/ip_13/bd_afc3_sawn_0_clocks.xdc:94]
Finished Parsing XDC File [c:/GraviTris/GT_Zybo/GT_Zybo.gen/sources_1/bd/design_1/ip/design_1_axi_smc_0/bd_0/ip/ip_13/bd_afc3_sawn_0_clocks.xdc] for cell 'design_1_i/axi_smc/inst/s00_nodes/s00_aw_node/inst'
Parsing XDC File [c:/GraviTris/GT_Zybo/GT_Zybo.gen/sources_1/bd/design_1/ip/design_1_axi_smc_0/bd_0/ip/ip_14/bd_afc3_swn_0_clocks.xdc] for cell 'design_1_i/axi_smc/inst/s00_nodes/s00_w_node/inst'
Finished Parsing XDC File [c:/GraviTris/GT_Zybo/GT_Zybo.gen/sources_1/bd/design_1/ip/design_1_axi_smc_0/bd_0/ip/ip_14/bd_afc3_swn_0_clocks.xdc] for cell 'design_1_i/axi_smc/inst/s00_nodes/s00_w_node/inst'
Parsing XDC File [c:/GraviTris/GT_Zybo/GT_Zybo.gen/sources_1/bd/design_1/ip/design_1_axi_smc_0/bd_0/ip/ip_15/bd_afc3_sbn_0_clocks.xdc] for cell 'design_1_i/axi_smc/inst/s00_nodes/s00_b_node/inst'
Finished Parsing XDC File [c:/GraviTris/GT_Zybo/GT_Zybo.gen/sources_1/bd/design_1/ip/design_1_axi_smc_0/bd_0/ip/ip_15/bd_afc3_sbn_0_clocks.xdc] for cell 'design_1_i/axi_smc/inst/s00_nodes/s00_b_node/inst'
Parsing XDC File [c:/GraviTris/GT_Zybo/GT_Zybo.gen/sources_1/bd/design_1/ip/design_1_axi_smc_0/bd_0/ip/ip_17/bd_afc3_m00arn_0_clocks.xdc] for cell 'design_1_i/axi_smc/inst/m00_nodes/m00_ar_node/inst'
Finished Parsing XDC File [c:/GraviTris/GT_Zybo/GT_Zybo.gen/sources_1/bd/design_1/ip/design_1_axi_smc_0/bd_0/ip/ip_17/bd_afc3_m00arn_0_clocks.xdc] for cell 'design_1_i/axi_smc/inst/m00_nodes/m00_ar_node/inst'
Parsing XDC File [c:/GraviTris/GT_Zybo/GT_Zybo.gen/sources_1/bd/design_1/ip/design_1_axi_smc_0/bd_0/ip/ip_18/bd_afc3_m00rn_0_clocks.xdc] for cell 'design_1_i/axi_smc/inst/m00_nodes/m00_r_node/inst'
Finished Parsing XDC File [c:/GraviTris/GT_Zybo/GT_Zybo.gen/sources_1/bd/design_1/ip/design_1_axi_smc_0/bd_0/ip/ip_18/bd_afc3_m00rn_0_clocks.xdc] for cell 'design_1_i/axi_smc/inst/m00_nodes/m00_r_node/inst'
Parsing XDC File [c:/GraviTris/GT_Zybo/GT_Zybo.gen/sources_1/bd/design_1/ip/design_1_axi_smc_0/bd_0/ip/ip_19/bd_afc3_m00awn_0_clocks.xdc] for cell 'design_1_i/axi_smc/inst/m00_nodes/m00_aw_node/inst'
Finished Parsing XDC File [c:/GraviTris/GT_Zybo/GT_Zybo.gen/sources_1/bd/design_1/ip/design_1_axi_smc_0/bd_0/ip/ip_19/bd_afc3_m00awn_0_clocks.xdc] for cell 'design_1_i/axi_smc/inst/m00_nodes/m00_aw_node/inst'
Parsing XDC File [c:/GraviTris/GT_Zybo/GT_Zybo.gen/sources_1/bd/design_1/ip/design_1_axi_smc_0/bd_0/ip/ip_20/bd_afc3_m00wn_0_clocks.xdc] for cell 'design_1_i/axi_smc/inst/m00_nodes/m00_w_node/inst'
Finished Parsing XDC File [c:/GraviTris/GT_Zybo/GT_Zybo.gen/sources_1/bd/design_1/ip/design_1_axi_smc_0/bd_0/ip/ip_20/bd_afc3_m00wn_0_clocks.xdc] for cell 'design_1_i/axi_smc/inst/m00_nodes/m00_w_node/inst'
Parsing XDC File [c:/GraviTris/GT_Zybo/GT_Zybo.gen/sources_1/bd/design_1/ip/design_1_axi_smc_0/bd_0/ip/ip_21/bd_afc3_m00bn_0_clocks.xdc] for cell 'design_1_i/axi_smc/inst/m00_nodes/m00_b_node/inst'
Finished Parsing XDC File [c:/GraviTris/GT_Zybo/GT_Zybo.gen/sources_1/bd/design_1/ip/design_1_axi_smc_0/bd_0/ip/ip_21/bd_afc3_m00bn_0_clocks.xdc] for cell 'design_1_i/axi_smc/inst/m00_nodes/m00_b_node/inst'
Parsing XDC File [c:/GraviTris/GT_Zybo/GT_Zybo.gen/sources_1/bd/design_1/ip/design_1_axi_smc_0/bd_0/ip/ip_24/bd_afc3_m01arn_0_clocks.xdc] for cell 'design_1_i/axi_smc/inst/m01_nodes/m01_ar_node/inst'
Finished Parsing XDC File [c:/GraviTris/GT_Zybo/GT_Zybo.gen/sources_1/bd/design_1/ip/design_1_axi_smc_0/bd_0/ip/ip_24/bd_afc3_m01arn_0_clocks.xdc] for cell 'design_1_i/axi_smc/inst/m01_nodes/m01_ar_node/inst'
Parsing XDC File [c:/GraviTris/GT_Zybo/GT_Zybo.gen/sources_1/bd/design_1/ip/design_1_axi_smc_0/bd_0/ip/ip_25/bd_afc3_m01rn_0_clocks.xdc] for cell 'design_1_i/axi_smc/inst/m01_nodes/m01_r_node/inst'
Finished Parsing XDC File [c:/GraviTris/GT_Zybo/GT_Zybo.gen/sources_1/bd/design_1/ip/design_1_axi_smc_0/bd_0/ip/ip_25/bd_afc3_m01rn_0_clocks.xdc] for cell 'design_1_i/axi_smc/inst/m01_nodes/m01_r_node/inst'
Parsing XDC File [c:/GraviTris/GT_Zybo/GT_Zybo.gen/sources_1/bd/design_1/ip/design_1_axi_smc_0/bd_0/ip/ip_26/bd_afc3_m01awn_0_clocks.xdc] for cell 'design_1_i/axi_smc/inst/m01_nodes/m01_aw_node/inst'
Finished Parsing XDC File [c:/GraviTris/GT_Zybo/GT_Zybo.gen/sources_1/bd/design_1/ip/design_1_axi_smc_0/bd_0/ip/ip_26/bd_afc3_m01awn_0_clocks.xdc] for cell 'design_1_i/axi_smc/inst/m01_nodes/m01_aw_node/inst'
Parsing XDC File [c:/GraviTris/GT_Zybo/GT_Zybo.gen/sources_1/bd/design_1/ip/design_1_axi_smc_0/bd_0/ip/ip_27/bd_afc3_m01wn_0_clocks.xdc] for cell 'design_1_i/axi_smc/inst/m01_nodes/m01_w_node/inst'
Finished Parsing XDC File [c:/GraviTris/GT_Zybo/GT_Zybo.gen/sources_1/bd/design_1/ip/design_1_axi_smc_0/bd_0/ip/ip_27/bd_afc3_m01wn_0_clocks.xdc] for cell 'design_1_i/axi_smc/inst/m01_nodes/m01_w_node/inst'
Parsing XDC File [c:/GraviTris/GT_Zybo/GT_Zybo.gen/sources_1/bd/design_1/ip/design_1_axi_smc_0/bd_0/ip/ip_28/bd_afc3_m01bn_0_clocks.xdc] for cell 'design_1_i/axi_smc/inst/m01_nodes/m01_b_node/inst'
Finished Parsing XDC File [c:/GraviTris/GT_Zybo/GT_Zybo.gen/sources_1/bd/design_1/ip/design_1_axi_smc_0/bd_0/ip/ip_28/bd_afc3_m01bn_0_clocks.xdc] for cell 'design_1_i/axi_smc/inst/m01_nodes/m01_b_node/inst'
Parsing XDC File [c:/GraviTris/GT_Zybo/GT_Zybo.gen/sources_1/bd/design_1/ip/design_1_axi_smc_0/smartconnect.xdc] for cell 'design_1_i/axi_smc/inst'
WARNING: [Vivado_Tcl 4-919] Waiver ID 'CDC-1' -from list should not be empty. [c:/GraviTris/GT_Zybo/GT_Zybo.gen/sources_1/bd/design_1/ip/design_1_axi_smc_0/smartconnect.xdc:1]
Finished Parsing XDC File [c:/GraviTris/GT_Zybo/GT_Zybo.gen/sources_1/bd/design_1/ip/design_1_axi_smc_0/smartconnect.xdc] for cell 'design_1_i/axi_smc/inst'
Parsing XDC File [c:/GraviTris/GT_Zybo/GT_Zybo.gen/sources_1/bd/design_1/ip/design_1_rst_ps7_0_50M_0/design_1_rst_ps7_0_50M_0_board.xdc] for cell 'design_1_i/rst_ps7_0_50M/U0'
Finished Parsing XDC File [c:/GraviTris/GT_Zybo/GT_Zybo.gen/sources_1/bd/design_1/ip/design_1_rst_ps7_0_50M_0/design_1_rst_ps7_0_50M_0_board.xdc] for cell 'design_1_i/rst_ps7_0_50M/U0'
Parsing XDC File [c:/GraviTris/GT_Zybo/GT_Zybo.gen/sources_1/bd/design_1/ip/design_1_rst_ps7_0_50M_0/design_1_rst_ps7_0_50M_0.xdc] for cell 'design_1_i/rst_ps7_0_50M/U0'
Finished Parsing XDC File [c:/GraviTris/GT_Zybo/GT_Zybo.gen/sources_1/bd/design_1/ip/design_1_rst_ps7_0_50M_0/design_1_rst_ps7_0_50M_0.xdc] for cell 'design_1_i/rst_ps7_0_50M/U0'
Parsing XDC File [c:/GraviTris/GT_Zybo/GT_Zybo.gen/sources_1/bd/design_1/ip/design_1_axi_gpio_0_0/design_1_axi_gpio_0_0_board.xdc] for cell 'design_1_i/axi_gpio_0/U0'
Finished Parsing XDC File [c:/GraviTris/GT_Zybo/GT_Zybo.gen/sources_1/bd/design_1/ip/design_1_axi_gpio_0_0/design_1_axi_gpio_0_0_board.xdc] for cell 'design_1_i/axi_gpio_0/U0'
Parsing XDC File [c:/GraviTris/GT_Zybo/GT_Zybo.gen/sources_1/bd/design_1/ip/design_1_axi_gpio_0_0/design_1_axi_gpio_0_0.xdc] for cell 'design_1_i/axi_gpio_0/U0'
Finished Parsing XDC File [c:/GraviTris/GT_Zybo/GT_Zybo.gen/sources_1/bd/design_1/ip/design_1_axi_gpio_0_0/design_1_axi_gpio_0_0.xdc] for cell 'design_1_i/axi_gpio_0/U0'
Parsing XDC File [C:/GraviTris/GT_Zybo/GT_Zybo.srcs/constrs_1/new/const.xdc]
Finished Parsing XDC File [C:/GraviTris/GT_Zybo/GT_Zybo.srcs/constrs_1/new/const.xdc]
INFO: [Project 1-1714] 53 XPM XDC files have been applied to the design.
INFO: [Opt 31-138] Pushed 0 inverter(s) to 0 load pin(s).
Generating merged BMM file for the design top 'design_1_wrapper'...
INFO: [Project 1-1687] 693 scoped IP constraints or related sub-commands were skipped due to synthesis logic optimizations usually triggered by constant connectivity or unconnected output pins. To review the skipped constraints and messages, run the command 'set_param netlist.IPMsgFiltering false' before opening the design.
Netlist sorting complete. Time (s): cpu = 00:00:00 ; elapsed = 00:00:00.005 . Memory (MB): peak = 3136.207 ; gain = 0.000
INFO: [Project 1-111] Unisim Transformation Summary:
  A total of 102 instances were transformed.
  RAM32M => RAM32M (RAMD32(x6), RAMS32(x2)): 100 instances
  RAM32X1D => RAM32X1D (RAMD32(x2)): 2 instances

open_run: Time (s): cpu = 00:00:10 ; elapsed = 00:00:14 . Memory (MB): peak = 3218.531 ; gain = 992.035
launch_runs impl_1 -to_step write_bitstream -jobs 16
[Fri Jul 19 20:55:18 2024] Launched impl_1...
Run output will be captured here: C:/GraviTris/GT_Zybo/GT_Zybo.runs/impl_1/runme.log
write_hw_platform -fixed -include_bit -force -file C:/GraviTris/GT_Zybo/design_1_wrapper_06.xsa
INFO: [Project 1-1918] Creating Hardware Platform: C:/GraviTris/GT_Zybo/design_1_wrapper_06.xsa ...
WARNING: [Project 1-645] Board images not set in Hardware Platform.
INFO: [Project 1-1943] The Hardware Platform can be used for Hardware
INFO: [Project 1-1941] Successfully created Hardware Platform: C:/GraviTris/GT_Zybo/design_1_wrapper_06.xsa
INFO: [Hsi 55-2053] elapsed time for repository (C:/Xilinx/Vivado/2024.1/data/embeddedsw) loading 0 seconds
exit
INFO: [Common 17-206] Exiting Vivado at Fri Jul 19 20:56:32 2024...
